

================================================================
== Vivado HLS Report for 'calculateConvolution'
================================================================
* Date:           Thu Dec 19 06:31:12 2024

* Version:        2018.3 (Build 2405991 on Thu Dec 06 23:56:15 MST 2018)
* Project:        conv2D.prj
* Solution:       solution2
* Product family: zynq
* Target device:  xc7z020clg484-1


================================================================
== Performance Estimates
================================================================
+ Timing (ns): 
    * Summary: 
    +--------+-------+----------+------------+
    |  Clock | Target| Estimated| Uncertainty|
    +--------+-------+----------+------------+
    |ap_clk  |  10.00|     8.510|        1.25|
    +--------+-------+----------+------------+

+ Latency (clock cycles): 
    * Summary: 
    +-----+-----+-----+-----+---------+
    |  Latency  |  Interval | Pipeline|
    | min | max | min | max |   Type  |
    +-----+-----+-----+-----+---------+
    |   11|  411|   11|  411|   none  |
    +-----+-----+-----+-----+---------+

    + Detail: 
        * Instance: 
        N/A

        * Loop: 
        +-------------------+-----+-----+----------+-----------+-----------+--------+----------+
        |                   |  Latency  | Iteration|  Initiation Interval  |  Trip  |          |
        |     Loop Name     | min | max |  Latency |  achieved |   target  |  Count | Pipelined|
        +-------------------+-----+-----+----------+-----------+-----------+--------+----------+
        |- Cal_Outer_Loop   |   10|  410|  10 ~ 41 |          -|          -| 1 ~ 10 |    no    |
        | + Cal_Inner_Loop  |    7|   38|         7|          -|          -|  1 ~ 5 |    no    |
        +-------------------+-----+-----+----------+-----------+-----------+--------+----------+



================================================================
== Utilization Estimates
================================================================
* Summary: 
+-----------------+---------+-------+--------+-------+
|       Name      | BRAM_18K| DSP48E|   FF   |  LUT  |
+-----------------+---------+-------+--------+-------+
|DSP              |        -|      -|       -|      -|
|Expression       |        -|      3|       0|    620|
|FIFO             |        -|      -|       -|      -|
|Instance         |        -|      -|       -|      -|
|Memory           |        -|      -|       -|      -|
|Multiplexer      |        -|      -|       -|    152|
|Register         |        -|      -|     574|      -|
+-----------------+---------+-------+--------+-------+
|Total            |        0|      3|     574|    772|
+-----------------+---------+-------+--------+-------+
|Available        |      280|    220|  106400|  53200|
+-----------------+---------+-------+--------+-------+
|Utilization (%)  |        0|      1|   ~0   |      1|
+-----------------+---------+-------+--------+-------+

+ Detail: 
    * Instance: 
    N/A

    * DSP48: 
    N/A

    * Memory: 
    N/A

    * FIFO: 
    N/A

    * Expression: 
    +--------------------------------+----------+-------+---+----+------------+------------+
    |          Variable Name         | Operation| DSP48E| FF| LUT| Bitwidth P0| Bitwidth P1|
    +--------------------------------+----------+-------+---+----+------------+------------+
    |grp_fu_205_p2                   |     *    |      3|  0|  20|          32|          32|
    |ik_col_3_1_fu_392_p2            |     +    |      0|  0|  39|           2|          32|
    |ik_row_3_fu_239_p2              |     +    |      0|  0|  38|           1|          31|
    |kernel_size_col_op_o_fu_252_p2  |     +    |      0|  0|  39|          32|           1|
    |next_mul2_fu_219_p2             |     +    |      0|  0|  45|           7|          38|
    |next_mul_fu_225_p2              |     +    |      0|  0|  39|          32|          32|
    |sum_2_1_fu_398_p2               |     +    |      0|  0|  39|          32|          32|
    |sum_2_fu_350_p2                 |     +    |      0|  0|  39|          32|          32|
    |tmp_24_fu_325_p2                |     +    |      0|  0|  39|          32|          32|
    |tmp_28_fu_382_p2                |     +    |      0|  0|  13|          11|          11|
    |tmp_29_1_fu_367_p2              |     +    |      0|  0|  39|          32|          32|
    |tmp_s_fu_340_p2                 |     +    |      0|  0|  13|          11|          11|
    |p_neg_t_fu_280_p2               |     -    |      0|  0|  38|           1|          31|
    |tmp_28_1_fu_362_p2              |   icmp   |      0|  0|  18|          32|          32|
    |tmp_54_fu_320_p2                |   icmp   |      0|  0|  18|          32|          32|
    |tmp_fu_234_p2                   |   icmp   |      0|  0|  18|          32|          32|
    |ik_col_3_s_fu_356_p2            |    or    |      0|  0|  32|          32|           1|
    |tmp_51_fu_296_p3                |  select  |      0|  0|  31|           1|          31|
    |tmp_52_fu_304_p3                |  select  |      0|  0|  31|           1|           1|
    |p_neg_fu_265_p2                 |    xor   |      0|  0|  32|          32|           2|
    +--------------------------------+----------+-------+---+----+------------+------------+
    |Total                           |          |      3|  0| 620|         419|         478|
    +--------------------------------+----------+-------+---+----+------------+------------+

    * Multiplexer: 
    +---------------------+----+-----------+-----+-----------+
    |         Name        | LUT| Input Size| Bits| Total Bits|
    +---------------------+----+-----------+-----+-----------+
    |ap_NS_fsm            |  50|         11|    1|         11|
    |ap_return            |   9|          2|   32|         64|
    |buffer_r_address0    |  15|          3|    5|         15|
    |ik_col_reg_173       |   9|          2|   32|         64|
    |ik_row_reg_128       |   9|          2|   31|         62|
    |kernel_address0      |  15|          3|   10|         30|
    |phi_mul1_reg_151     |   9|          2|   38|         76|
    |phi_mul_reg_139      |   9|          2|   32|         64|
    |sum_1_lcssa_reg_185  |   9|          2|   32|         64|
    |sum_1_reg_162        |   9|          2|   32|         64|
    |sum_reg_116          |   9|          2|   32|         64|
    +---------------------+----+-----------+-----+-----------+
    |Total                | 152|         33|  277|        578|
    +---------------------+----+-----------+-----+-----------+

    * Register: 
    +---------------------+----+----+-----+-----------+
    |         Name        | FF | LUT| Bits| Const Bits|
    +---------------------+----+----+-----+-----------+
    |ap_CS_fsm            |  10|   0|   10|          0|
    |ap_return_preg       |  32|   0|   32|          0|
    |ik_col_3_1_reg_478   |  32|   0|   32|          0|
    |ik_col_reg_173       |  32|   0|   32|          0|
    |ik_row_3_reg_436     |  31|   0|   31|          0|
    |ik_row_reg_128       |  31|   0|   31|          0|
    |next_mul2_reg_423    |  38|   0|   38|          0|
    |next_mul_reg_428     |  32|   0|   32|          0|
    |phi_mul1_reg_151     |  38|   0|   38|          0|
    |phi_mul_reg_139      |  32|   0|   32|          0|
    |reg_197              |  32|   0|   32|          0|
    |reg_201              |  32|   0|   32|          0|
    |reg_211              |  32|   0|   32|          0|
    |sum_1_lcssa_reg_185  |  32|   0|   32|          0|
    |sum_1_reg_162        |  32|   0|   32|          0|
    |sum_2_reg_459        |  32|   0|   32|          0|
    |sum_reg_116          |  32|   0|   32|          0|
    |tmp_47_reg_417       |  11|   0|   11|          0|
    |tmp_53_reg_441       |  31|   0|   32|          1|
    +---------------------+----+----+-----+-----------+
    |Total                | 574|   0|  575|          1|
    +---------------------+----+----+-----+-----------+



================================================================
== Interface
================================================================
* Summary: 
+-------------------+-----+-----+------------+----------------------+--------------+
|     RTL Ports     | Dir | Bits|  Protocol  |     Source Object    |    C Type    |
+-------------------+-----+-----+------------+----------------------+--------------+
|ap_clk             |  in |    1| ap_ctrl_hs | calculateConvolution | return value |
|ap_rst             |  in |    1| ap_ctrl_hs | calculateConvolution | return value |
|ap_start           |  in |    1| ap_ctrl_hs | calculateConvolution | return value |
|ap_done            | out |    1| ap_ctrl_hs | calculateConvolution | return value |
|ap_idle            | out |    1| ap_ctrl_hs | calculateConvolution | return value |
|ap_ready           | out |    1| ap_ctrl_hs | calculateConvolution | return value |
|ap_return          | out |   32| ap_ctrl_hs | calculateConvolution | return value |
|buffer_r_address0  | out |    5|  ap_memory |       buffer_r       |     array    |
|buffer_r_ce0       | out |    1|  ap_memory |       buffer_r       |     array    |
|buffer_r_q0        |  in |   32|  ap_memory |       buffer_r       |     array    |
|kernel_address0    | out |   10|  ap_memory |        kernel        |     array    |
|kernel_ce0         | out |    1|  ap_memory |        kernel        |     array    |
|kernel_q0          |  in |   32|  ap_memory |        kernel        |     array    |
|kernel_size_row    |  in |   32|   ap_none  |    kernel_size_row   |    scalar    |
|kernel_size_col    |  in |   32|   ap_none  |    kernel_size_col   |    scalar    |
+-------------------+-----+-----+------------+----------------------+--------------+

