

================================================================
== Vivado HLS Report for 'conv2D'
================================================================
* Date:           Thu Dec 19 06:31:13 2024

* Version:        2018.3 (Build 2405991 on Thu Dec 06 23:56:15 MST 2018)
* Project:        conv2D.prj
* Solution:       solution2
* Product family: zynq
* Target device:  xc7z020clg484-1


================================================================
== Performance Estimates
================================================================
+ Timing (ns): 
    * Summary: 
    +--------+-------+----------+------------+
    |  Clock | Target| Estimated| Uncertainty|
    +--------+-------+----------+------------+
    |ap_clk  |  10.00|     9.634|        1.25|
    +--------+-------+----------+------------+

+ Latency (clock cycles): 
    * Summary: 
    +-----+-------+-----+-------+---------+
    |   Latency   |   Interval  | Pipeline|
    | min |  max  | min |  max  |   Type  |
    +-----+-------+-----+-------+---------+
    |   56|  68581|   56|  68581|   none  |
    +-----+-------+-----+-------+---------+

    + Detail: 
        * Instance: 
        +---------------------------------+----------------------+-----+-----+-----+-----+---------+
        |                                 |                      |  Latency  |  Interval | Pipeline|
        |             Instance            |        Module        | min | max | min | max |   Type  |
        +---------------------------------+----------------------+-----+-----+-----+-----+---------+
        |grp_calculateConvolution_fu_164  |calculateConvolution  |   11|  411|   11|  411|   none  |
        |grp_updateBuffer_fu_174          |updateBuffer          |    8|  251|    8|  251|   none  |
        |grp_initializeBuffer_fu_188      |initializeBuffer      |    6|  191|    6|  191|   none  |
        +---------------------------------+----------------------+-----+-----+-----+-----+---------+

        * Loop: 
        +---------------+-----+-------+-----------+-----------+-----------+--------+----------+
        |               |   Latency   | Iteration |  Initiation Interval  |  Trip  |          |
        |   Loop Name   | min |  max  |  Latency  |  achieved |   target  |  Count | Pipelined|
        +---------------+-----+-------+-----------+-----------+-----------+--------+----------+
        |- Output_Row   |   55|  68580| 55 ~ 6858 |          -|          -| 1 ~ 10 |    no    |
        | + Output_Col  |   46|   6663| 46 ~ 1332 |          -|          -|  1 ~ 5 |    no    |
        +---------------+-----+-------+-----------+-----------+-----------+--------+----------+



================================================================
== Utilization Estimates
================================================================
* Summary: 
+-----------------+---------+-------+--------+-------+
|       Name      | BRAM_18K| DSP48E|   FF   |  LUT  |
+-----------------+---------+-------+--------+-------+
|DSP              |        -|      -|       -|      -|
|Expression       |        -|      -|       0|    551|
|FIFO             |        -|      -|       -|      -|
|Instance         |        -|      5|    1348|   2221|
|Memory           |        0|      -|      64|     13|
|Multiplexer      |        -|      -|       -|    221|
|Register         |        -|      -|     358|      -|
+-----------------+---------+-------+--------+-------+
|Total            |        0|      5|    1770|   3006|
+-----------------+---------+-------+--------+-------+
|Available        |      280|    220|  106400|  53200|
+-----------------+---------+-------+--------+-------+
|Utilization (%)  |        0|      2|       1|      5|
+-----------------+---------+-------+--------+-------+

+ Detail: 
    * Instance: 
    +---------------------------------+----------------------+---------+-------+-----+-----+
    |             Instance            |        Module        | BRAM_18K| DSP48E|  FF | LUT |
    +---------------------------------+----------------------+---------+-------+-----+-----+
    |grp_calculateConvolution_fu_164  |calculateConvolution  |        0|      3|  574|  772|
    |grp_initializeBuffer_fu_188      |initializeBuffer      |        0|      1|  369|  662|
    |grp_updateBuffer_fu_174          |updateBuffer          |        0|      1|  405|  787|
    +---------------------------------+----------------------+---------+-------+-----+-----+
    |Total                            |                      |        0|      5| 1348| 2221|
    +---------------------------------+----------------------+---------+-------+-----+-----+

    * DSP48: 
    N/A

    * Memory: 
    +----------+---------------+---------+----+----+------+-----+------+-------------+
    |  Memory  |     Module    | BRAM_18K| FF | LUT| Words| Bits| Banks| W*Bits*Banks|
    +----------+---------------+---------+----+----+------+-----+------+-------------+
    |buffer_U  |conv2D_buffer  |        0|  64|  13|    25|   32|     1|          800|
    +----------+---------------+---------+----+----+------+-----+------+-------------+
    |Total     |               |        0|  64|  13|    25|   32|     1|          800|
    +----------+---------------+---------+----+----+------+-----+------+-------------+

    * FIFO: 
    N/A

    * Expression: 
    +---------------------------------+----------+-------+---+----+------------+------------+
    |          Variable Name          | Operation| DSP48E| FF| LUT| Bitwidth P0| Bitwidth P1|
    +---------------------------------+----------+-------+---+----+------------+------------+
    |index_col_out_1_1_fu_353_p2      |     +    |      0|  0|  39|           2|          32|
    |index_row_out_1_fu_242_p2        |     +    |      0|  0|  38|           1|          31|
    |next_mul_fu_227_p2               |     +    |      0|  0|  45|           7|          38|
    |tmp_17_fu_211_p2                 |     +    |      0|  0|  32|          32|           1|
    |tmp_18_op_op_fu_255_p2           |     +    |      0|  0|  39|          32|           1|
    |tmp_24_fu_332_p2                 |     +    |      0|  0|  21|          15|          15|
    |tmp_26_fu_362_p2                 |     +    |      0|  0|  21|          15|          15|
    |tmp_fu_199_p2                    |     +    |      0|  0|  32|          32|           1|
    |p_neg_t_fu_283_p2                |     -    |      0|  0|  38|           1|          31|
    |tmp_18_fu_217_p2                 |     -    |      0|  0|  32|          32|          32|
    |tmp_s_fu_205_p2                  |     -    |      0|  0|  32|          32|          32|
    |ap_block_state7_on_subcall_done  |    and   |      0|  0|   2|           1|           1|
    |tmp_19_fu_237_p2                 |   icmp   |      0|  0|  18|          32|          32|
    |tmp_25_1_fu_348_p2               |   icmp   |      0|  0|  18|          32|          32|
    |tmp_44_fu_323_p2                 |   icmp   |      0|  0|  18|          32|          32|
    |index_col_out_1_s_fu_342_p2      |    or    |      0|  0|  32|          32|           1|
    |tmp_41_fu_299_p3                 |  select  |      0|  0|  31|           1|          31|
    |tmp_42_fu_307_p3                 |  select  |      0|  0|  31|           1|           1|
    |p_neg_fu_268_p2                  |    xor   |      0|  0|  32|          32|           2|
    +---------------------------------+----------+-------+---+----+------------+------------+
    |Total                            |          |      0|  0| 551|         364|         361|
    +---------------------------------+----------+-------+---+----+------------+------------+

    * Multiplexer: 
    +---------------------------------------+----+-----------+-----+-----------+
    |                  Name                 | LUT| Input Size| Bits| Total Bits|
    +---------------------------------------+----+-----------+-----+-----------+
    |ap_NS_fsm                              |  53|         12|    1|         12|
    |buffer_address0                        |  21|          4|    5|         20|
    |buffer_ce0                             |  21|          4|    1|          4|
    |buffer_d0                              |  15|          3|   32|         96|
    |buffer_we0                             |  15|          3|    1|          3|
    |grp_updateBuffer_fu_174_index_col_out  |  15|          3|   32|         96|
    |in_data_address0                       |  15|          3|   14|         42|
    |in_data_ce0                            |  15|          3|    1|          3|
    |index_col_out_reg_152                  |   9|          2|   32|         64|
    |index_row_out_reg_129                  |   9|          2|   31|         62|
    |kernel_ce0                             |   9|          2|    1|          2|
    |out_data_address0                      |  15|          3|   14|         42|
    |phi_mul_reg_141                        |   9|          2|   38|         76|
    +---------------------------------------+----+-----------+-----+-----------+
    |Total                                  | 221|         46|  203|        522|
    +---------------------------------------+----+-----------+-----+-----------+

    * Register: 
    +----------------------------------------------+----+----+-----+-----------+
    |                     Name                     | FF | LUT| Bits| Const Bits|
    +----------------------------------------------+----+----+-----+-----------+
    |ap_CS_fsm                                     |  11|   0|   11|          0|
    |grp_calculateConvolution_fu_164_ap_start_reg  |   1|   0|    1|          0|
    |grp_initializeBuffer_fu_188_ap_start_reg      |   1|   0|    1|          0|
    |grp_updateBuffer_fu_174_ap_start_reg          |   1|   0|    1|          0|
    |index_col_out_1_1_reg_441                     |  32|   0|   32|          0|
    |index_col_out_1_s_reg_432                     |  31|   0|   32|          1|
    |index_col_out_reg_152                         |  32|   0|   32|          0|
    |index_row_out_1_reg_418                       |  31|   0|   31|          0|
    |index_row_out_reg_129                         |  31|   0|   31|          0|
    |next_mul_reg_410                              |  38|   0|   38|          0|
    |phi_mul_reg_141                               |  38|   0|   38|          0|
    |tmp_18_reg_396                                |  32|   0|   32|          0|
    |tmp_37_reg_404                                |  15|   0|   15|          0|
    |tmp_43_reg_423                                |  31|   0|   32|          1|
    |tmp_44_reg_428                                |   1|   0|    1|          0|
    |tmp_s_reg_391                                 |  32|   0|   32|          0|
    +----------------------------------------------+----+----+-----+-----------+
    |Total                                         | 358|   0|  360|          2|
    +----------------------------------------------+----+----+-----+-----------+



================================================================
== Interface
================================================================
* Summary: 
+-------------------+-----+-----+------------+-----------------+--------------+
|     RTL Ports     | Dir | Bits|  Protocol  |  Source Object  |    C Type    |
+-------------------+-----+-----+------------+-----------------+--------------+
|ap_clk             |  in |    1| ap_ctrl_hs |      conv2D     | return value |
|ap_rst             |  in |    1| ap_ctrl_hs |      conv2D     | return value |
|ap_start           |  in |    1| ap_ctrl_hs |      conv2D     | return value |
|ap_done            | out |    1| ap_ctrl_hs |      conv2D     | return value |
|ap_idle            | out |    1| ap_ctrl_hs |      conv2D     | return value |
|ap_ready           | out |    1| ap_ctrl_hs |      conv2D     | return value |
|in_data_address0   | out |   14|  ap_memory |     in_data     |     array    |
|in_data_ce0        | out |    1|  ap_memory |     in_data     |     array    |
|in_data_q0         |  in |   32|  ap_memory |     in_data     |     array    |
|out_data_address0  | out |   14|  ap_memory |     out_data    |     array    |
|out_data_ce0       | out |    1|  ap_memory |     out_data    |     array    |
|out_data_we0       | out |    1|  ap_memory |     out_data    |     array    |
|out_data_d0        | out |   32|  ap_memory |     out_data    |     array    |
|row_in             |  in |   32|   ap_none  |      row_in     |    scalar    |
|col_in             |  in |   32|   ap_none  |      col_in     |    scalar    |
|kernel_address0    | out |   10|  ap_memory |      kernel     |     array    |
|kernel_ce0         | out |    1|  ap_memory |      kernel     |     array    |
|kernel_q0          |  in |   32|  ap_memory |      kernel     |     array    |
|kernel_size_row    |  in |   32|   ap_none  | kernel_size_row |    scalar    |
|kernel_size_col    |  in |   32|   ap_none  | kernel_size_col |    scalar    |
+-------------------+-----+-----+------------+-----------------+--------------+

