

================================================================
== Vivado HLS Report for 'updateBuffer'
================================================================
* Date:           Thu Dec 19 06:31:12 2024

* Version:        2018.3 (Build 2405991 on Thu Dec 06 23:56:15 MST 2018)
* Project:        conv2D.prj
* Solution:       solution2
* Product family: zynq
* Target device:  xc7z020clg484-1


================================================================
== Performance Estimates
================================================================
+ Timing (ns): 
    * Summary: 
    +--------+-------+----------+------------+
    |  Clock | Target| Estimated| Uncertainty|
    +--------+-------+----------+------------+
    |ap_clk  |  10.00|     9.634|        1.25|
    +--------+-------+----------+------------+

+ Latency (clock cycles): 
    * Summary: 
    +-----+-----+-----+-----+---------+
    |  Latency  |  Interval | Pipeline|
    | min | max | min | max |   Type  |
    +-----+-----+-----+-----+---------+
    |    8|  251|    8|  251|   none  |
    +-----+-----+-----+-----+---------+

    + Detail: 
        * Instance: 
        N/A

        * Loop: 
        +-----------------------------+-----+-----+----------+-----------+-----------+--------+----------+
        |                             |  Latency  | Iteration|  Initiation Interval  |  Trip  |          |
        |          Loop Name          | min | max |  Latency |  achieved |   target  |  Count | Pipelined|
        +-----------------------------+-----+-----+----------+-----------+-----------+--------+----------+
        |- Update_Buffer_Outer_Loop   |    7|  250|  7 ~ 25  |          -|          -| 1 ~ 10 |    no    |
        | + Update_Buffer_Inner_Loop  |    4|   21|         4|          -|          -|  1 ~ 5 |    no    |
        +-----------------------------+-----+-----+----------+-----------+-----------+--------+----------+



================================================================
== Utilization Estimates
================================================================
* Summary: 
+-----------------+---------+-------+--------+-------+
|       Name      | BRAM_18K| DSP48E|   FF   |  LUT  |
+-----------------+---------+-------+--------+-------+
|DSP              |        -|      1|       -|      -|
|Expression       |        -|      -|       0|    671|
|FIFO             |        -|      -|       -|      -|
|Instance         |        -|      -|       -|      -|
|Memory           |        -|      -|       -|      -|
|Multiplexer      |        -|      -|       -|    116|
|Register         |        -|      -|     405|      -|
+-----------------+---------+-------+--------+-------+
|Total            |        0|      1|     405|    787|
+-----------------+---------+-------+--------+-------+
|Available        |      280|    220|  106400|  53200|
+-----------------+---------+-------+--------+-------+
|Utilization (%)  |        0|   ~0  |   ~0   |      1|
+-----------------+---------+-------+--------+-------+

+ Detail: 
    * Instance: 
    N/A

    * DSP48: 
    +--------------------------+----------------------+---------------------+
    |         Instance         |        Module        |      Expression     |
    +--------------------------+----------------------+---------------------+
    |conv2D_ama_addmulcud_U12  |conv2D_ama_addmulcud  | i0 * (i1 + i2) + i3 |
    +--------------------------+----------------------+---------------------+

    * Memory: 
    N/A

    * FIFO: 
    N/A

    * Expression: 
    +----------------------+----------+-------+---+----+------------+------------+
    |     Variable Name    | Operation| DSP48E| FF| LUT| Bitwidth P0| Bitwidth P1|
    +----------------------+----------+-------+---+----+------------+------------+
    |ik_col_1_1_fu_358_p2  |     +    |      0|  0|  39|          32|           2|
    |ik_row_1_fu_230_p2    |     +    |      0|  0|  38|          31|           1|
    |next_mul_fu_216_p2    |     +    |      0|  0|  39|          32|          32|
    |tmp_13_fu_375_p2      |     +    |      0|  0|  39|          32|          32|
    |tmp_1_5_fu_352_p2     |     +    |      0|  0|  39|          32|          32|
    |tmp_1_fu_200_p2       |     +    |      0|  0|  39|          32|          32|
    |tmp_7_fu_236_p2       |     +    |      0|  0|  39|          32|           1|
    |tmp_8_1_fu_347_p2     |     +    |      0|  0|  39|          32|          32|
    |tmp_8_fu_315_p2       |     +    |      0|  0|  39|          32|          32|
    |tmp_fu_194_p2         |     +    |      0|  0|  39|           2|          32|
    |tmp_s_fu_325_p2       |     +    |      0|  0|  39|          32|          32|
    |p_neg_fu_256_p2       |     -    |      0|  0|  39|           1|          32|
    |p_neg_t_fu_271_p2     |     -    |      0|  0|  38|           1|          31|
    |tmp_20_fu_310_p2      |   icmp   |      0|  0|  18|          32|          32|
    |tmp_2_fu_206_p2       |   icmp   |      0|  0|  18|          32|          32|
    |tmp_4_fu_225_p2       |   icmp   |      0|  0|  18|          32|          32|
    |tmp_6_1_fu_342_p2     |   icmp   |      0|  0|  18|          32|          32|
    |ik_col_1_s_fu_336_p2  |    or    |      0|  0|  32|          32|           1|
    |tmp_15_fu_286_p3      |  select  |      0|  0|  31|           1|          31|
    |tmp_18_fu_294_p3      |  select  |      0|  0|  31|           1|           1|
    +----------------------+----------+-------+---+----+------------+------------+
    |Total                 |          |      0|  0| 671|         485|         484|
    +----------------------+----------+-------+---+----+------------+------------+

    * Multiplexer: 
    +-------------------+----+-----------+-----+-----------+
    |        Name       | LUT| Input Size| Bits| Total Bits|
    +-------------------+----+-----------+-----+-----------+
    |ap_NS_fsm          |  41|          8|    1|          8|
    |buffer_r_address0  |  33|          6|    5|         30|
    |buffer_r_d0        |  15|          3|   32|         96|
    |ik_col_reg_182     |   9|          2|   32|         64|
    |ik_row_reg_158     |   9|          2|   31|         62|
    |phi_mul_reg_170    |   9|          2|   32|         64|
    +-------------------+----+-----------+-----+-----------+
    |Total              | 116|         23|  133|        324|
    +-------------------+----+-----------+-----+-----------+

    * Register: 
    +--------------------+----+----+-----+-----------+
    |        Name        | FF | LUT| Bits| Const Bits|
    +--------------------+----+----+-----+-----------+
    |ap_CS_fsm           |   7|   0|    7|          0|
    |ik_col_1_1_reg_482  |  32|   0|   32|          0|
    |ik_col_reg_182      |  32|   0|   32|          0|
    |ik_row_1_reg_444    |  31|   0|   31|          0|
    |ik_row_reg_158      |  31|   0|   31|          0|
    |next_mul_reg_436    |  32|   0|   32|          0|
    |phi_mul_reg_170     |  32|   0|   32|          0|
    |tmp_13_reg_492      |  32|   0|   32|          0|
    |tmp_19_reg_455      |  31|   0|   32|          1|
    |tmp_1_5_reg_477     |  32|   0|   32|          0|
    |tmp_20_reg_460      |   1|   0|    1|          0|
    |tmp_2_reg_427       |   1|   0|    1|          0|
    |tmp_3_reg_431       |  15|   0|   15|          0|
    |tmp_7_reg_449       |  32|   0|   32|          0|
    |tmp_8_1_reg_472     |  32|   0|   32|          0|
    |tmp_reg_420         |  32|   0|   32|          0|
    +--------------------+----+----+-----+-----------+
    |Total               | 405|   0|  406|          1|
    +--------------------+----+----+-----+-----------+



================================================================
== Interface
================================================================
* Summary: 
+-------------------+-----+-----+------------+-----------------+--------------+
|     RTL Ports     | Dir | Bits|  Protocol  |  Source Object  |    C Type    |
+-------------------+-----+-----+------------+-----------------+--------------+
|ap_clk             |  in |    1| ap_ctrl_hs |   updateBuffer  | return value |
|ap_rst             |  in |    1| ap_ctrl_hs |   updateBuffer  | return value |
|ap_start           |  in |    1| ap_ctrl_hs |   updateBuffer  | return value |
|ap_done            | out |    1| ap_ctrl_hs |   updateBuffer  | return value |
|ap_idle            | out |    1| ap_ctrl_hs |   updateBuffer  | return value |
|ap_ready           | out |    1| ap_ctrl_hs |   updateBuffer  | return value |
|buffer_r_address0  | out |    5|  ap_memory |     buffer_r    |     array    |
|buffer_r_ce0       | out |    1|  ap_memory |     buffer_r    |     array    |
|buffer_r_we0       | out |    1|  ap_memory |     buffer_r    |     array    |
|buffer_r_d0        | out |   32|  ap_memory |     buffer_r    |     array    |
|buffer_r_q0        |  in |   32|  ap_memory |     buffer_r    |     array    |
|in_data_address0   | out |   14|  ap_memory |     in_data     |     array    |
|in_data_ce0        | out |    1|  ap_memory |     in_data     |     array    |
|in_data_q0         |  in |   32|  ap_memory |     in_data     |     array    |
|index_row_out      |  in |   31|   ap_none  |  index_row_out  |    scalar    |
|index_col_out      |  in |   32|   ap_none  |  index_col_out  |    scalar    |
|kernel_size_row    |  in |   32|   ap_none  | kernel_size_row |    scalar    |
|kernel_size_col    |  in |   32|   ap_none  | kernel_size_col |    scalar    |
|col_in             |  in |   32|   ap_none  |      col_in     |    scalar    |
+-------------------+-----+-----+------------+-----------------+--------------+

