Test 1 passed!
Test 2 passed!
Test 3 passed!
Test 4 passed!
Test 5 passed!

C:\Users\linhh\Desktop\Conv2D\conv2D.prj\solution1\sim\vhdl>set PATH= 

C:\Users\linhh\Desktop\Conv2D\conv2D.prj\solution1\sim\vhdl>call C:/Xilinx/Vivado/2018.3/bin/xelab xil_defaultlib.apatb_conv2D_top glbl -prj conv2D.prj -L smartconnect_v1_0 -L axi_protocol_checker_v1_1_12 -L axi_protocol_checker_v1_1_13 -L axis_protocol_checker_v1_1_11 -L axis_protocol_checker_v1_1_12 -L xil_defaultlib -L unisims -L xpm --initfile "C:/Xilinx/Vivado/2018.3/data/xsim/ip/xsim_ip.ini" --lib "ieee_proposed=./ieee_proposed" -s conv2D -debug wave 
INFO: [XSIM 43-3496] Using init file passed via -initfile option "C:/Xilinx/Vivado/2018.3/data/xsim/ip/xsim_ip.ini".
Vivado Simulator 2018.3
Copyright 1986-1999, 2001-2018 Xilinx, Inc. All Rights Reserved.
Running: C:/Xilinx/Vivado/2018.3/bin/unwrapped/win64.o/xelab.exe xil_defaultlib.apatb_conv2D_top glbl -prj conv2D.prj -L smartconnect_v1_0 -L axi_protocol_checker_v1_1_12 -L axi_protocol_checker_v1_1_13 -L axis_protocol_checker_v1_1_11 -L axis_protocol_checker_v1_1_12 -L xil_defaultlib -L unisims -L xpm --initfile C:/Xilinx/Vivado/2018.3/data/xsim/ip/xsim_ip.ini --lib ieee_proposed=./ieee_proposed -s conv2D -debug wave 
Multi-threading is on. Using 10 slave threads.
Determining compilation order of HDL files.
INFO: [VRFC 10-2263] Analyzing SystemVerilog file "C:/Users/linhh/Desktop/Conv2D/conv2D.prj/solution1/sim/vhdl/glbl.v" into library work
INFO: [VRFC 10-311] analyzing module glbl
INFO: [VRFC 10-163] Analyzing VHDL file "C:/Users/linhh/Desktop/Conv2D/conv2D.prj/solution1/sim/vhdl/AESL_sim_pkg.vhd" into library xil_defaultlib
INFO: [VRFC 10-163] Analyzing VHDL file "C:/Users/linhh/Desktop/Conv2D/conv2D.prj/solution1/sim/vhdl/AESL_automem_in_data.vhd" into library xil_defaultlib
INFO: [VRFC 10-3107] analyzing entity 'AESL_automem_in_data'
INFO: [VRFC 10-163] Analyzing VHDL file "C:/Users/linhh/Desktop/Conv2D/conv2D.prj/solution1/sim/vhdl/AESL_automem_kernel.vhd" into library xil_defaultlib
INFO: [VRFC 10-3107] analyzing entity 'AESL_automem_kernel'
INFO: [VRFC 10-163] Analyzing VHDL file "C:/Users/linhh/Desktop/Conv2D/conv2D.prj/solution1/sim/vhdl/AESL_automem_out_data.vhd" into library xil_defaultlib
INFO: [VRFC 10-3107] analyzing entity 'AESL_automem_out_data'
INFO: [VRFC 10-163] Analyzing VHDL file "C:/Users/linhh/Desktop/Conv2D/conv2D.prj/solution1/sim/vhdl/conv2D.autotb.vhd" into library xil_defaultlib
INFO: [VRFC 10-3107] analyzing entity 'apatb_conv2D_top'
INFO: [VRFC 10-163] Analyzing VHDL file "C:/Users/linhh/Desktop/Conv2D/conv2D.prj/solution1/sim/vhdl/conv2D.vhd" into library xil_defaultlib
INFO: [VRFC 10-3107] analyzing entity 'conv2D'
INFO: [VRFC 10-163] Analyzing VHDL file "C:/Users/linhh/Desktop/Conv2D/conv2D.prj/solution1/sim/vhdl/conv2D_ama_addmulbkb.vhd" into library xil_defaultlib
INFO: [VRFC 10-3107] analyzing entity 'conv2D_ama_addmulbkb_DSP48_0'
INFO: [VRFC 10-3107] analyzing entity 'conv2D_ama_addmulbkb'
INFO: [VRFC 10-163] Analyzing VHDL file "C:/Users/linhh/Desktop/Conv2D/conv2D.prj/solution1/sim/vhdl/conv2D_buffer.vhd" into library xil_defaultlib
INFO: [VRFC 10-3107] analyzing entity 'conv2D_buffer_ram'
INFO: [VRFC 10-3107] analyzing entity 'conv2D_buffer'
INFO: [VRFC 10-163] Analyzing VHDL file "C:/Users/linhh/Desktop/Conv2D/conv2D.prj/solution1/sim/vhdl/conv2D_mul_mul_8ncud.vhd" into library xil_defaultlib
INFO: [VRFC 10-3107] analyzing entity 'conv2D_mul_mul_8ncud_DSP48_1'
INFO: [VRFC 10-3107] analyzing entity 'conv2D_mul_mul_8ncud'
INFO: [VRFC 10-163] Analyzing VHDL file "C:/Users/linhh/Desktop/Conv2D/conv2D.prj/solution1/sim/vhdl/updateBuffer.vhd" into library xil_defaultlib
INFO: [VRFC 10-3107] analyzing entity 'updateBuffer'
Starting static elaboration
Completed static elaboration
Starting simulation data flow analysis
Completed simulation data flow analysis
Time Resolution for simulation is 1ps
Compiling package std.standard
Compiling package std.textio
Compiling package ieee.std_logic_1164
Compiling package ieee.std_logic_arith
Compiling package ieee.std_logic_unsigned
Compiling package ieee.numeric_std
Compiling package ieee.std_logic_textio
Compiling module work.glbl
Compiling architecture rtl of entity xil_defaultlib.conv2D_buffer_ram [\conv2D_buffer_ram(1,11)\]
Compiling architecture arch of entity xil_defaultlib.conv2D_buffer [conv2d_buffer_default]
Compiling architecture behav of entity xil_defaultlib.conv2D_ama_addmulbkb_DSP48_0 [conv2d_ama_addmulbkb_dsp48_0_def...]
Compiling architecture arch of entity xil_defaultlib.conv2D_ama_addmulbkb [\conv2D_ama_addmulbkb(id=1,num_s...]
Compiling architecture behav of entity xil_defaultlib.updateBuffer [updatebuffer_default]
Compiling architecture behav of entity xil_defaultlib.conv2D_mul_mul_8ncud_DSP48_1 [conv2d_mul_mul_8ncud_dsp48_1_def...]
Compiling architecture arch of entity xil_defaultlib.conv2D_mul_mul_8ncud [\conv2D_mul_mul_8ncud(id=1,num_s...]
Compiling architecture behav of entity xil_defaultlib.conv2D [conv2d_default]
Compiling architecture behav of entity xil_defaultlib.AESL_automem_in_data [aesl_automem_in_data_default]
Compiling architecture behav of entity xil_defaultlib.AESL_automem_out_data [aesl_automem_out_data_default]
Compiling architecture behav of entity xil_defaultlib.AESL_automem_kernel [aesl_automem_kernel_default]
Compiling architecture behav of entity xil_defaultlib.apatb_conv2d_top
Built simulation snapshot conv2D

****** Webtalk v2018.3 (64-bit)
  **** SW Build 2405991 on Thu Dec  6 23:38:27 MST 2018
  **** IP Build 2404404 on Fri Dec  7 01:43:56 MST 2018
    ** Copyright 1986-2018 Xilinx, Inc. All Rights Reserved.

source C:/Users/linhh/Desktop/Conv2D/conv2D.prj/solution1/sim/vhdl/xsim.dir/conv2D/webtalk/xsim_webtalk.tcl -notrace
INFO: [Common 17-206] Exiting Webtalk at Thu Dec 19 01:58:37 2024...

****** xsim v2018.3 (64-bit)
  **** SW Build 2405991 on Thu Dec  6 23:38:27 MST 2018
  **** IP Build 2404404 on Fri Dec  7 01:43:56 MST 2018
    ** Copyright 1986-2018 Xilinx, Inc. All Rights Reserved.

source xsim.dir/conv2D/xsim_script.tcl
# xsim {conv2D} -autoloadwcfg -tclbatch {conv2D.tcl}
Vivado Simulator 2018.3
Time resolution is 1 ps
source conv2D.tcl
## log_wave -r /
WARNING: [Simtcl 6-197] One or more HDL objects could not be logged because of object type or size limitations.  To see details please rerun the command with -verbose (-v).
## set designtopgroup [add_wave_group "Design Top Signals"]
## set coutputgroup [add_wave_group "C Outputs" -into $designtopgroup]
## set out_data_group [add_wave_group out_data(memory) -into $coutputgroup]
## add_wave /apatb_conv2D_top/AESL_inst_conv2D/out_data_d0 -into $out_data_group -radix hex
## add_wave /apatb_conv2D_top/AESL_inst_conv2D/out_data_we0 -into $out_data_group -color #ffff00 -radix hex
## add_wave /apatb_conv2D_top/AESL_inst_conv2D/out_data_ce0 -into $out_data_group -color #ffff00 -radix hex
## add_wave /apatb_conv2D_top/AESL_inst_conv2D/out_data_address0 -into $out_data_group -radix hex
## set cinputgroup [add_wave_group "C Inputs" -into $designtopgroup]
## set kernel_size_col_group [add_wave_group kernel_size_col(wire) -into $cinputgroup]
## add_wave /apatb_conv2D_top/AESL_inst_conv2D/kernel_size_col -into $kernel_size_col_group -radix hex
## set kernel_size_row_group [add_wave_group kernel_size_row(wire) -into $cinputgroup]
## add_wave /apatb_conv2D_top/AESL_inst_conv2D/kernel_size_row -into $kernel_size_row_group -radix hex
## set kernel_group [add_wave_group kernel(memory) -into $cinputgroup]
## add_wave /apatb_conv2D_top/AESL_inst_conv2D/kernel_q0 -into $kernel_group -radix hex
## add_wave /apatb_conv2D_top/AESL_inst_conv2D/kernel_ce0 -into $kernel_group -color #ffff00 -radix hex
## add_wave /apatb_conv2D_top/AESL_inst_conv2D/kernel_address0 -into $kernel_group -radix hex
## set col_in_group [add_wave_group col_in(wire) -into $cinputgroup]
## add_wave /apatb_conv2D_top/AESL_inst_conv2D/col_in -into $col_in_group -radix hex
## set row_in_group [add_wave_group row_in(wire) -into $cinputgroup]
## add_wave /apatb_conv2D_top/AESL_inst_conv2D/row_in -into $row_in_group -radix hex
## set in_data_group [add_wave_group in_data(memory) -into $cinputgroup]
## add_wave /apatb_conv2D_top/AESL_inst_conv2D/in_data_q0 -into $in_data_group -radix hex
## add_wave /apatb_conv2D_top/AESL_inst_conv2D/in_data_ce0 -into $in_data_group -color #ffff00 -radix hex
## add_wave /apatb_conv2D_top/AESL_inst_conv2D/in_data_address0 -into $in_data_group -radix hex
## set blocksiggroup [add_wave_group "Block-level IO Handshake" -into $designtopgroup]
## add_wave /apatb_conv2D_top/AESL_inst_conv2D/ap_start -into $blocksiggroup
## add_wave /apatb_conv2D_top/AESL_inst_conv2D/ap_done -into $blocksiggroup
## add_wave /apatb_conv2D_top/AESL_inst_conv2D/ap_idle -into $blocksiggroup
## add_wave /apatb_conv2D_top/AESL_inst_conv2D/ap_ready -into $blocksiggroup
## set resetgroup [add_wave_group "Reset" -into $designtopgroup]
## add_wave /apatb_conv2D_top/AESL_inst_conv2D/ap_rst -into $resetgroup
## set clockgroup [add_wave_group "Clock" -into $designtopgroup]
## add_wave /apatb_conv2D_top/AESL_inst_conv2D/ap_clk -into $clockgroup
## set testbenchgroup [add_wave_group "Test Bench Signals"]
## set tbinternalsiggroup [add_wave_group "Internal Signals" -into $testbenchgroup]
## set tb_simstatus_group [add_wave_group "Simulation Status" -into $tbinternalsiggroup]
## set tb_portdepth_group [add_wave_group "Port Depth" -into $tbinternalsiggroup]
## add_wave /apatb_conv2D_top/AUTOTB_TRANSACTION_NUM -into $tb_simstatus_group -radix hex
## add_wave /apatb_conv2D_top/ready_cnt -into $tb_simstatus_group -radix hex
## add_wave /apatb_conv2D_top/done_cnt -into $tb_simstatus_group -radix hex
## add_wave /apatb_conv2D_top/LENGTH_in_data -into $tb_portdepth_group -radix hex
## add_wave /apatb_conv2D_top/LENGTH_out_data -into $tb_portdepth_group -radix hex
## add_wave /apatb_conv2D_top/LENGTH_row_in -into $tb_portdepth_group -radix hex
## add_wave /apatb_conv2D_top/LENGTH_col_in -into $tb_portdepth_group -radix hex
## add_wave /apatb_conv2D_top/LENGTH_kernel -into $tb_portdepth_group -radix hex
## add_wave /apatb_conv2D_top/LENGTH_kernel_size_row -into $tb_portdepth_group -radix hex
## add_wave /apatb_conv2D_top/LENGTH_kernel_size_col -into $tb_portdepth_group -radix hex
## set tbcoutputgroup [add_wave_group "C Outputs" -into $testbenchgroup]
## set tb_out_data_group [add_wave_group out_data(memory) -into $tbcoutputgroup]
## add_wave /apatb_conv2D_top/out_data_d0 -into $tb_out_data_group -radix hex
## add_wave /apatb_conv2D_top/out_data_we0 -into $tb_out_data_group -color #ffff00 -radix hex
## add_wave /apatb_conv2D_top/out_data_ce0 -into $tb_out_data_group -color #ffff00 -radix hex
## add_wave /apatb_conv2D_top/out_data_address0 -into $tb_out_data_group -radix hex
## set tbcinputgroup [add_wave_group "C Inputs" -into $testbenchgroup]
## set tb_kernel_size_col_group [add_wave_group kernel_size_col(wire) -into $tbcinputgroup]
## add_wave /apatb_conv2D_top/kernel_size_col -into $tb_kernel_size_col_group -radix hex
## set tb_kernel_size_row_group [add_wave_group kernel_size_row(wire) -into $tbcinputgroup]
## add_wave /apatb_conv2D_top/kernel_size_row -into $tb_kernel_size_row_group -radix hex
## set tb_kernel_group [add_wave_group kernel(memory) -into $tbcinputgroup]
## add_wave /apatb_conv2D_top/kernel_q0 -into $tb_kernel_group -radix hex
## add_wave /apatb_conv2D_top/kernel_ce0 -into $tb_kernel_group -color #ffff00 -radix hex
## add_wave /apatb_conv2D_top/kernel_address0 -into $tb_kernel_group -radix hex
## set tb_col_in_group [add_wave_group col_in(wire) -into $tbcinputgroup]
## add_wave /apatb_conv2D_top/col_in -into $tb_col_in_group -radix hex
## set tb_row_in_group [add_wave_group row_in(wire) -into $tbcinputgroup]
## add_wave /apatb_conv2D_top/row_in -into $tb_row_in_group -radix hex
## set tb_in_data_group [add_wave_group in_data(memory) -into $tbcinputgroup]
## add_wave /apatb_conv2D_top/in_data_q0 -into $tb_in_data_group -radix hex
## add_wave /apatb_conv2D_top/in_data_ce0 -into $tb_in_data_group -color #ffff00 -radix hex
## add_wave /apatb_conv2D_top/in_data_address0 -into $tb_in_data_group -radix hex
## save_wave_config conv2D.wcfg
## run all
Note: simulation done!
Time: 45935 ns  Iteration: 1  Process: /apatb_conv2D_top/generate_sim_done_proc  File: C:/Users/linhh/Desktop/Conv2D/conv2D.prj/solution1/sim/vhdl/conv2D.autotb.vhd
Failure: NORMAL EXIT (note: failure is to force the simulator to stop)
Time: 45935 ns  Iteration: 1  Process: /apatb_conv2D_top/generate_sim_done_proc  File: C:/Users/linhh/Desktop/Conv2D/conv2D.prj/solution1/sim/vhdl/conv2D.autotb.vhd
$finish called at time : 45935 ns
## quit
INFO: [Common 17-206] Exiting xsim at Thu Dec 19 01:58:42 2024...
Test 1 passed!
Test 2 passed!
Test 3 passed!
Test 4 passed!
Test 5 passed!
