INFO-FLOW: Workspace C:/Users/linhh/Desktop/Conv2D/conv2D.prj/solution4 opened at Thu Dec 19 06:39:20 +0700 2024
Execute     config_clock -quiet -name default -period 10 -default=false 
INFO: [SYN 201-201] Setting up clock 'default' with a period of 10ns.
Execute     open_platform DefaultPlatform 
Execute     import_lib C:/Xilinx/Vivado/2018.3/common/technology/xilinx/zynq/zynq 
Execute       source C:/Xilinx/Vivado/2018.3/common/technology/xilinx/common/xilinx.lib 
Execute         source C:/Xilinx/Vivado/2018.3/common/technology/xilinx/interface/xilinx_interface.lib 
Execute           source C:/Xilinx/Vivado/2018.3/common/technology/xilinx/interface/plb46.lib 
Execute           source C:/Xilinx/Vivado/2018.3/common/technology/xilinx/interface/fsl.lib 
Execute           source C:/Xilinx/Vivado/2018.3/common/technology/xilinx/interface/axi4.lib 
Execute           source C:/Xilinx/Vivado/2018.3/common/technology/xilinx/interface/maxi.lib 
Execute           source C:/Xilinx/Vivado/2018.3/common/technology/xilinx/interface/saxilite.lib 
Execute         source C:/Xilinx/Vivado/2018.3/common/technology/xilinx/common/dsp48.lib 
Execute         source C:/Xilinx/Vivado/2018.3/common/technology/xilinx/ip/dds_compiler.lib 
Execute         source C:/Xilinx/Vivado/2018.3/common/technology/xilinx/ip/xfft.lib 
Execute         source C:/Xilinx/Vivado/2018.3/common/technology/xilinx/ip/xfir.lib 
Execute       source C:/Xilinx/Vivado/2018.3/common/technology/xilinx/common/xilinx_old.lib 
Execute       source C:/Xilinx/Vivado/2018.3/common/technology/xilinx/common/xilinx_vivado.lib 
Execute       source C:/Xilinx/Vivado/2018.3/common/technology/xilinx/common/xilinx.hlp 
Execute         source C:/Xilinx/Vivado/2018.3/common/technology/xilinx/common/target_info.tcl 
Execute         source C:/Xilinx/Vivado/2018.3/common/technology/xilinx/interface/xilinx_interface.hlp 
Execute           source C:/Xilinx/Vivado/2018.3/common/technology/xilinx/interface/maxi.hlp 
Execute           source C:/Xilinx/Vivado/2018.3/common/technology/xilinx/interface/saxilite.hlp 
Execute         source C:/Xilinx/Vivado/2018.3/common/technology/xilinx/common/dsp48.hlp 
Execute       source C:/Xilinx/Vivado/2018.3/common/technology/xilinx/zynq/dsp48e1.hlp 
Execute       get_default_platform 
Execute       config_chip_info -quiet -resource  {SLICE 13300}  {LUT 53200}     {FF 106400} {DSP48E 220}   {BRAM 280}  
Execute       config_chip_info -quiet -speed medium 
Execute       source C:/Xilinx/Vivado/2018.3/common/technology/xilinx/common/xilinx.hlp 
Execute         source C:/Xilinx/Vivado/2018.3/common/technology/xilinx/common/target_info.tcl 
Execute         source C:/Xilinx/Vivado/2018.3/common/technology/xilinx/interface/xilinx_interface.hlp 
Execute           source C:/Xilinx/Vivado/2018.3/common/technology/xilinx/interface/maxi.hlp 
Execute           source C:/Xilinx/Vivado/2018.3/common/technology/xilinx/interface/saxilite.hlp 
Execute         source C:/Xilinx/Vivado/2018.3/common/technology/xilinx/common/dsp48.hlp 
Execute     source C:/Xilinx/Vivado/2018.3/common/technology/xilinx/zynq/zynq.gen 
Execute       source C:/Xilinx/Vivado/2018.3/common/technology/xilinx/common/virtex.gen 
Execute         source C:/Xilinx/Vivado/2018.3/common/technology/xilinx/common/xilinx.gen 
Execute           source C:/Xilinx/Vivado/2018.3/common/technology/xilinx/interface/plb46.gen 
Execute           source C:/Xilinx/Vivado/2018.3/common/technology/xilinx/interface/fsl.gen 
Execute           source C:/Xilinx/Vivado/2018.3/common/technology/xilinx/interface/axi4.gen 
Execute           source C:/Xilinx/Vivado/2018.3/common/technology/xilinx/interface/nativeAXI4.gen 
Execute             source C:/Xilinx/Vivado/2018.3/common/technology/xilinx/interface/saxilite.gen 
Execute             source C:/Xilinx/Vivado/2018.3/common/technology/xilinx/interface/maxi.gen 
Execute           source C:/Xilinx/Vivado/2018.3/common/technology/xilinx/scripts/xilinxcoregen.gen 
Execute           source C:/Xilinx/Vivado/2018.3/common/technology/xilinx/interface/XilEDKCoreGen.gen 
Execute           source C:/Xilinx/Vivado/2018.3/common/technology/xilinx/ip/dds_compiler.gen 
Execute           source C:/Xilinx/Vivado/2018.3/common/technology/xilinx/ip/util.gen 
Execute           source C:/Xilinx/Vivado/2018.3/common/technology/xilinx/ip/xfft.gen 
Execute           source C:/Xilinx/Vivado/2018.3/common/technology/xilinx/ip/xfir.gen 
Execute         source C:/Xilinx/Vivado/2018.3/common/technology/xilinx/common/dsp48.gen 
Execute     open_platform DefaultPlatform 
Execute     import_lib C:/Xilinx/Vivado/2018.3/common/technology/xilinx/zynq/zynq_fpv6 
Execute       source C:/Xilinx/Vivado/2018.3/common/technology/xilinx/common/xilinx_fpv7.lib 
Execute         source C:/Xilinx/Vivado/2018.3/common/technology/xilinx/common/xilinx_hp.lib 
Execute       source C:/Xilinx/Vivado/2018.3/common/technology/xilinx/common/xilinx_fpv.hlp 
Execute         source C:/Xilinx/Vivado/2018.3/common/technology/xilinx/common/xilinx.hlp 
Execute           source C:/Xilinx/Vivado/2018.3/common/technology/xilinx/common/target_info.tcl 
Execute           source C:/Xilinx/Vivado/2018.3/common/technology/xilinx/interface/xilinx_interface.hlp 
Execute             source C:/Xilinx/Vivado/2018.3/common/technology/xilinx/interface/maxi.hlp 
Execute             source C:/Xilinx/Vivado/2018.3/common/technology/xilinx/interface/saxilite.hlp 
Execute           source C:/Xilinx/Vivado/2018.3/common/technology/xilinx/common/dsp48.hlp 
Execute       source C:/Xilinx/Vivado/2018.3/common/technology/xilinx/zynq/zynq_hp.hlp 
Execute     source C:/Xilinx/Vivado/2018.3/common/technology/xilinx/zynq/zynq_fpv6.gen 
Execute       source C:/Xilinx/Vivado/2018.3/common/technology/xilinx/common/xilinx_fpv6.gen 
Execute     set_part xc7z020clg484-1 
Execute       add_library xilinx/zynq/zynq:xc7z020:clg484:-1 
Execute         get_default_platform 
Execute         license_isbetapart xc7z020 
Command         license_isbetapart done; error code: 1; 
Execute         get_default_platform 
Execute         config_chip_info -quiet -resource  {SLICE 13300}  {LUT 53200}     {FF 106400} {DSP48E 220}   {BRAM 280}  
Execute         config_chip_info -quiet -speed slow 
Execute       add_library xilinx/zynq/zynq_fpv6 
Execute         get_default_platform 
INFO: [HLS 200-10] Setting target device to 'xc7z020clg484-1'
Execute       get_default_platform 
Execute     get_default_platform 
Execute     config_chip_info -quiet -resource  {SLICE 13300}  {LUT 53200}     {FF 106400} {DSP48E 220}   {BRAM 280}  
Execute     config_chip_info -quiet -speed slow 
Execute     config_compile -no_signed_zeros=0 
INFO: [XFORM 203-1172] Optimizing floating point zeros and discarding its signedness.
Execute     config_compile -unsafe_math_optimizations=0 
INFO: [XFORM 203-1172] Optimizing floating point zeros and discarding its signedness.
INFO: [XFORM 203-1173] Reordering floating point operations aggressively.
INFO: [XFORM 203-1176] Optimizing floating point comparison without checking NaN.
Execute     config_dataflow -default_channel=fifo 
INFO: [XFORM 203-701] Set the default channel type in dataflow to FIFO.
Execute     config_dataflow -fifo_depth=5 
INFO: [XFORM 203-701] Set default FIFO size in dataflow to 5.
Execute     config_dataflow -scalar_fifo_depth=2 
INFO: [XFORM 203-701] Set default FIFO size in dataflow to 2 (for scalar propagation only).
Execute     config_dataflow -start_fifo_depth=2 
INFO: [XFORM 203-701] Set default FIFO size in dataflow to 2 (for start propagation only).
Execute     config_dataflow -strict_mode=warning 
Command   open_solution done; 0.213 sec.
Execute   set_part xc7z020clg484-1 
Execute     add_library xilinx/zynq/zynq:xc7z020:clg484:-1 
Execute       get_default_platform 
Execute       license_isbetapart xc7z020 
Command       license_isbetapart done; error code: 1; 
Execute       get_default_platform 
Execute       config_chip_info -quiet -resource  {SLICE 13300}  {LUT 53200}     {FF 106400} {DSP48E 220}   {BRAM 280}  
Execute       config_chip_info -quiet -speed slow 
Execute     add_library xilinx/zynq/zynq_fpv6 
Execute       get_default_platform 
Execute     get_default_platform 
Execute   create_clock -period 10 -name default 
Execute   config_compile -no_signed_zeros=0 -unsafe_math_optimizations=0 
INFO: [XFORM 203-1172] Optimizing floating point zeros and discarding its signedness.
INFO: [XFORM 203-1172] Optimizing floating point zeros and discarding its signedness.
INFO: [XFORM 203-1173] Reordering floating point operations aggressively.
INFO: [XFORM 203-1176] Optimizing floating point comparison without checking NaN.
Execute   config_dataflow -default_channel fifo -fifo_depth 5 -scalar_fifo_depth 2 -start_fifo_depth 2 -strict_mode warning 
INFO: [XFORM 203-701] Set default FIFO size in dataflow to 5.
INFO: [XFORM 203-701] Set default FIFO size in dataflow to 2 (for scalar propagation only).
INFO: [XFORM 203-701] Set default FIFO size in dataflow to 2 (for start propagation only).
INFO: [XFORM 203-701] Set the default channel type in dataflow to FIFO.
Execute   source ./conv2D.prj/solution4/directives.tcl 
Execute     set_directive_pipeline -off initializeBuffer/Initialize_Buffer_Inner_Loop 
INFO-FLOW: Setting directive 'PIPELINE' off=positionBoolean1 
Execute     set_directive_pipeline -off calculateConvolution/Cal_Inner_Loop 
INFO-FLOW: Setting directive 'PIPELINE' off=positionBoolean1 
INFO-FLOW: Setting directive 'PIPELINE' off=positionBoolean1 
Execute     set_directive_pipeline -off updateBuffer/Update_Buffer_Inner_Loop 
INFO-FLOW: Setting directive 'PIPELINE' off=positionBoolean1 
INFO-FLOW: Setting directive 'PIPELINE' off=positionBoolean1 
INFO-FLOW: Setting directive 'PIPELINE' off=positionBoolean1 
Execute     set_directive_pipeline conv2D/Output_Col 
INFO-FLOW: Setting directive 'PIPELINE' off=positionBoolean1 
INFO-FLOW: Setting directive 'PIPELINE' off=positionBoolean1 
INFO-FLOW: Setting directive 'PIPELINE' off=positionBoolean1 
INFO-FLOW: Setting directive 'PIPELINE' 
Execute     set_directive_dataflow conv2D 
INFO-FLOW: Setting directive 'PIPELINE' off=positionBoolean1 
INFO-FLOW: Setting directive 'PIPELINE' off=positionBoolean1 
INFO-FLOW: Setting directive 'PIPELINE' off=positionBoolean1 
INFO-FLOW: Setting directive 'PIPELINE' 
INFO-FLOW: Setting directive 'DATAFLOW' 
Execute   csynth_design 
Execute     get_config_compile -effort 
Execute     get_config_compile -enable_clang39 
Execute     get_config_compile -g 
Execute     get_config_compile -lm 
Execute     get_config_compile -ng 
Execute     get_config_compile -opt_fp 
Execute     get_config_compile -skip_cdt 
Execute     get_config_compile -skip_syncheck 
Execute     get_config_compile -skip_transform 
Execute     config_compile -blackbox  
Execute     get_config_compile -keep_printf 
Execute     elaborate -effort=medium -skip_syncheck=0 -keep_printf=0 -lm=0 -skip_cdt=0 -skip_transform=0 -ng=0 -g=0 -opt_fp=0 -from_csynth_design=1 
Execute       get_config_schedule -relax_ii_for_timing 
INFO: [SCHED 204-61] Option 'relax_ii_for_timing' is enabled, will increase II to preserve clock frequency constraints.
Execute       get_config_schedule -suppress_dependence_error_break 
INFO: [HLS 200-10] Analyzing design file 'conv2D.c' ... 
INFO-FLOW: Compiling one TU...
Execute       is_m_axi_addr64 
INFO-FLOW: Handling conv2D.c as C
Execute       get_default_platform 
Execute       is_encrypted conv2D.c 
INFO-FLOW: Running: GCC PP
INFO-FLOW: Source preprocessing
Execute       clang  -fno-limit-debug-info -gcc-toolchain "C:/Xilinx/Vivado/2018.3/msys" -hls  -fno-exceptions  -D__llvm__  -E "conv2D.c"     -fno-math-errno -c -emit-llvm -O0  -mllvm -disable-llvm-optzns -std=gnu89   -DAESL_SYN -D__SYNTHESIS__ -D__HLS_SYN__ -I "C:/Xilinx/Vivado/2018.3/common/technology/autopilot" -I "C:/Xilinx/Vivado/2018.3/common/technology/autopilot/ap_sysc" -include etc/autopilot_ssdm_op.h -D__DSP48E1__ -D__cdecl=  -o "C:/Users/linhh/Desktop/Conv2D/conv2D.prj/solution4/.autopilot/db/conv2D.pp.0.c" 
INFO-FLOW: exec C:/Xilinx/Vivado/2018.3/win64/tools/clang/bin/clang -fno-limit-debug-info -gcc-toolchain C:/Xilinx/Vivado/2018.3/msys -hls -fno-exceptions -D__llvm__ -E conv2D.c -fno-math-errno -c -emit-llvm -O0 -mllvm -disable-llvm-optzns -std=gnu89 -DAESL_SYN -D__SYNTHESIS__ -D__HLS_SYN__ -I C:/Xilinx/Vivado/2018.3/common/technology/autopilot -I C:/Xilinx/Vivado/2018.3/common/technology/autopilot/ap_sysc -include etc/autopilot_ssdm_op.h -D__DSP48E1__ -D__cdecl= -o C:/Users/linhh/Desktop/Conv2D/conv2D.prj/solution4/.autopilot/db/conv2D.pp.0.c
Command       clang done; 0.567 sec.
Execute       tidy_31 xilinx-xfmat-array-geometry C:/Users/linhh/Desktop/Conv2D/conv2D.prj/solution4/.autopilot/db/conv2D.pp.0.c std=gnu89 
INFO-FLOW: exec C:/Xilinx/Vivado/2018.3/win64/tools/clang-3.9-csynth/bin/tidy-3.1 -header-filter=.* -checks=-*,xilinx-xfmat-array-geometry -quiet -fix C:/Users/linhh/Desktop/Conv2D/conv2D.prj/solution4/.autopilot/db/conv2D.pp.0.c -- -std=gnu89 -fhls -ferror-limit=0
INFO-FLOW: Syntax Checking before pre-processing...
Execute       clang -syntaxcheck -src C:/Users/linhh/Desktop/Conv2D/conv2D.prj/solution4/.autopilot/db/conv2D.pp.0.c  -fno-limit-debug-info -gcc-toolchain "C:/Xilinx/Vivado/2018.3/msys" -hls    -fno-math-errno -c -emit-llvm -O0  -mllvm -disable-llvm-optzns -std=gnu89   -DAESL_SYN -D__SYNTHESIS__ -D__HLS_SYN__ -I "C:/Xilinx/Vivado/2018.3/common/technology/autopilot" -I "C:/Xilinx/Vivado/2018.3/common/technology/autopilot/ap_sysc" -include etc/autopilot_ssdm_op.h -D__DSP48E1__ -D__cdecl=  "C:/Users/linhh/Desktop/Conv2D/conv2D.prj/solution4/.autopilot/db/conv2D.pp.0.c"  -o "C:/Users/linhh/Desktop/Conv2D/conv2D.prj/solution4/.autopilot/db/useless.bc"  
INFO-FLOW: exec C:/Xilinx/Vivado/2018.3/win64/tools/clang/bin/clang -fno-limit-debug-info -gcc-toolchain C:/Xilinx/Vivado/2018.3/msys -hls -fno-math-errno -c -emit-llvm -O0 -mllvm -disable-llvm-optzns -std=gnu89 -DAESL_SYN -D__SYNTHESIS__ -D__HLS_SYN__ -I C:/Xilinx/Vivado/2018.3/common/technology/autopilot -I C:/Xilinx/Vivado/2018.3/common/technology/autopilot/ap_sysc -include etc/autopilot_ssdm_op.h -D__DSP48E1__ -D__cdecl= C:/Users/linhh/Desktop/Conv2D/conv2D.prj/solution4/.autopilot/db/conv2D.pp.0.c -o C:/Users/linhh/Desktop/Conv2D/conv2D.prj/solution4/.autopilot/db/useless.bc
Command       clang done; 0.568 sec.
INFO-FLOW: Done: GCC PP time: 1.2 seconds per iteration
INFO-FLOW: Setting directive 'PIPELINE' off=positionBoolean1 
INFO-FLOW: Setting directive 'PIPELINE' off=positionBoolean1 
INFO-FLOW: Setting directive 'PIPELINE' off=positionBoolean1 
INFO-FLOW: Setting directive 'PIPELINE' 
INFO-FLOW: Setting directive 'DATAFLOW' 
INFO-FLOW: Setting directive 'PIPELINE' off=positionBoolean1 
INFO-FLOW: Setting directive 'PIPELINE' off=positionBoolean1 
INFO-FLOW: Setting directive 'PIPELINE' off=positionBoolean1 
INFO-FLOW: Setting directive 'PIPELINE' 
INFO-FLOW: Setting directive 'DATAFLOW' 
Execute       list_core -type functional_unit 
Execute       tidy_31 xilinx-systemc-detector C:/Users/linhh/Desktop/Conv2D/conv2D.prj/solution4/.autopilot/db/conv2D.pp.0.c std=gnu89 -directive=C:/Users/linhh/Desktop/Conv2D/conv2D.prj/solution4/.autopilot/db/.systemc_flag 
INFO-FLOW: exec C:/Xilinx/Vivado/2018.3/win64/tools/clang-3.9-csynth/bin/tidy-3.1 -header-filter=.* -checks=-*,xilinx-systemc-detector -import-directive=C:/Users/linhh/Desktop/Conv2D/conv2D.prj/solution4/.autopilot/db/.systemc_flag -quiet -fix-errors C:/Users/linhh/Desktop/Conv2D/conv2D.prj/solution4/.autopilot/db/conv2D.pp.0.c -- -std=gnu89 -fhls -ferror-limit=0
INFO-FLOW: Running: tidy-3.1 CDT preprocess
Execute       tidy_31 xilinx-directive2pragma C:/Users/linhh/Desktop/Conv2D/conv2D.prj/solution4/.autopilot/db/conv2D.pp.0.c std=gnu89 -directive=C:/Users/linhh/Desktop/Conv2D/conv2D.prj/solution4/.autopilot/db/all.directive.json 
INFO-FLOW: exec C:/Xilinx/Vivado/2018.3/win64/tools/clang-3.9-csynth/bin/tidy-3.1 -header-filter=.* -checks=-*,xilinx-directive2pragma -import-directive=C:/Users/linhh/Desktop/Conv2D/conv2D.prj/solution4/.autopilot/db/all.directive.json -quiet -fix-errors C:/Users/linhh/Desktop/Conv2D/conv2D.prj/solution4/.autopilot/db/conv2D.pp.0.c -- -std=gnu89 -fhls -ferror-limit=0
Execute       get_config_dataflow -strict_mode 
Execute       ap_eval exec -ignorestderr C:/Xilinx/Vivado/2018.3/win64/tools/clang-3.9-csynth/bin/xilinx-dataflow-lawyer -export-fixes=C:/Users/linhh/Desktop/Conv2D/conv2D.prj/solution4/.autopilot/db/xilinx-dataflow-lawyer.conv2D.pp.0.c.diag.yml C:/Users/linhh/Desktop/Conv2D/conv2D.prj/solution4/.autopilot/db/conv2D.pp.0.c -- -std=gnu99 -fhls -ferror-limit=0 -fstrict-dataflow > C:/Users/linhh/Desktop/Conv2D/conv2D.prj/solution4/.autopilot/db/xilinx-dataflow-lawyer.conv2D.pp.0.c.out.log 2> C:/Users/linhh/Desktop/Conv2D/conv2D.prj/solution4/.autopilot/db/xilinx-dataflow-lawyer.conv2D.pp.0.c.err.log 
WARNING: [HLS 214-114] Only function calls and local variable declarations are allowed in a dataflow region: conv2D.c:89:1
Execute       send_msg_by_id WARNING @200-471@%s%s 1 conv2D.c 
WARNING: [HLS 200-471] Dataflow form checks found 1 issue(s) in file conv2D.c
Execute       tidy_31 -errorcheck xilinx-constantarray-param,xilinx-resource-pragma-transformer,xilinx-xfmat-array-geometry C:/Users/linhh/Desktop/Conv2D/conv2D.prj/solution4/.autopilot/db/conv2D.pp.0.c std=gnu89 
Execute         ap_eval exec -ignorestderr C:/Xilinx/Vivado/2018.3/win64/tools/clang-3.9-csynth/bin/tidy-3.1 -export-fixes=C:/Users/linhh/Desktop/Conv2D/conv2D.prj/solution4/.autopilot/db/tidy-3.1.conv2D.pp.0.c.diag.yml -header-filter=.* -checks=-*,xilinx-constantarray-param,xilinx-resource-pragma-transformer,xilinx-xfmat-array-geometry -quiet -fix-errors C:/Users/linhh/Desktop/Conv2D/conv2D.prj/solution4/.autopilot/db/conv2D.pp.0.c -- -std=gnu89 -fhls -ferror-limit=0 > C:/Users/linhh/Desktop/Conv2D/conv2D.prj/solution4/.autopilot/db/tidy-3.1.conv2D.pp.0.c.out.log 2> C:/Users/linhh/Desktop/Conv2D/conv2D.prj/solution4/.autopilot/db/tidy-3.1.conv2D.pp.0.c.err.log 
Execute         ap_eval exec -ignorestderr C:/Xilinx/Vivado/2018.3/win64/tools/clang-3.9-csynth/bin/xilinx-legacy-rewriter C:/Users/linhh/Desktop/Conv2D/conv2D.prj/solution4/.autopilot/db/conv2D.pp.0.c -- -std=gnu89 -fhls -ferror-limit=0 > C:/Users/linhh/Desktop/Conv2D/conv2D.prj/solution4/.autopilot/db/xilinx-legacy-rewriter.conv2D.pp.0.c.out.log 2> C:/Users/linhh/Desktop/Conv2D/conv2D.prj/solution4/.autopilot/db/xilinx-legacy-rewriter.conv2D.pp.0.c.err.log 
Command       tidy_31 done; 0.142 sec.
INFO-FLOW: Done: tidy-3.1 CDT preprocess time: 0.3 seconds per iteration
INFO-FLOW: Pragma Handling...
Execute       tidy_31 xilinx-ssdm-intrinsics-arguments C:/Users/linhh/Desktop/Conv2D/conv2D.prj/solution4/.autopilot/db/conv2D.pragma.1.c std=gnu89 
INFO-FLOW: exec C:/Xilinx/Vivado/2018.3/win64/tools/clang-3.9-csynth/bin/tidy-3.1 -header-filter=.* -checks=-*,xilinx-ssdm-intrinsics-arguments -quiet -fix-errors C:/Users/linhh/Desktop/Conv2D/conv2D.prj/solution4/.autopilot/db/conv2D.pragma.1.c -- -std=gnu89 -fhls -ferror-limit=0
Execute       get_default_platform 
INFO-FLOW: Processing labels
Execute       clang -src C:/Users/linhh/Desktop/Conv2D/conv2D.prj/solution4/.autopilot/db/conv2D.pragma.2.c  -fno-limit-debug-info -gcc-toolchain C:/Xilinx/Vivado/2018.3/msys -hls -hls-analyze-label -hls-analyze-pragma -fno-exceptions  -D__llvm__  -w  "C:/Users/linhh/Desktop/Conv2D/conv2D.prj/solution4/.autopilot/db/conv2D.pragma.2.c"    -fno-math-errno -c -emit-llvm -O0  -mllvm -disable-llvm-optzns -std=gnu89  -DAESL_SYN -D__SYNTHESIS__ -D__HLS_SYN__ -I "C:/Xilinx/Vivado/2018.3/common/technology/autopilot" -I "C:/Xilinx/Vivado/2018.3/common/technology/autopilot/ap_sysc" -include etc/autopilot_ssdm_op.h -D__DSP48E1__ -g -o "C:/Users/linhh/Desktop/Conv2D/conv2D.prj/solution4/.autopilot/db/conv2D.bc" 
INFO-FLOW: exec C:/Xilinx/Vivado/2018.3/win64/tools/clang/bin/clang -fno-limit-debug-info -gcc-toolchain C:/Xilinx/Vivado/2018.3/msys -hls -hls-analyze-label -hls-analyze-pragma -fno-exceptions -D__llvm__ -w C:/Users/linhh/Desktop/Conv2D/conv2D.prj/solution4/.autopilot/db/conv2D.pragma.2.c -fno-math-errno -c -emit-llvm -O0 -mllvm -disable-llvm-optzns -std=gnu89 -DAESL_SYN -D__SYNTHESIS__ -D__HLS_SYN__ -I C:/Xilinx/Vivado/2018.3/common/technology/autopilot -I C:/Xilinx/Vivado/2018.3/common/technology/autopilot/ap_sysc -include etc/autopilot_ssdm_op.h -D__DSP48E1__ -g -o C:/Users/linhh/Desktop/Conv2D/conv2D.prj/solution4/.autopilot/db/conv2D.bc
Command       clang done; 0.572 sec.
INFO-FLOW: Linking Debug ...
Execute       llvm-ld C:/Users/linhh/Desktop/Conv2D/conv2D.prj/solution4/.autopilot/db/conv2D.g.bc -hls-opt -except-internalize conv2D -LC:/Xilinx/Vivado/2018.3/win64/lib -lhlsm -lhlsmc++ -o C:/Users/linhh/Desktop/Conv2D/conv2D.prj/solution4/.autopilot/db/a.g 
Command       llvm-ld done; 0.684 sec.
INFO: [HLS 200-111] Finished Linking Time (s): cpu = 00:00:01 ; elapsed = 00:00:04 . Memory (MB): peak = 104.121 ; gain = 19.488
INFO: [HLS 200-111] Finished Checking Pragmas Time (s): cpu = 00:00:01 ; elapsed = 00:00:04 . Memory (MB): peak = 104.121 ; gain = 19.488
Execute       get_config_sdx -target 
Execute       opt_and_import_c a -opt_level=2 -skip_syncheck=0 -ng=0 -keep_printf=0 
Execute         cleanup_all_models 
INFO: [HLS 200-10] Starting code transformations ...
Execute         transform -promote-dbg-pointer C:/Users/linhh/Desktop/Conv2D/conv2D.prj/solution4/.autopilot/db/a.pp.bc -o C:/Users/linhh/Desktop/Conv2D/conv2D.prj/solution4/.autopilot/db/a.pp.0.bc -f 
Execute         llvm-ld C:/Users/linhh/Desktop/Conv2D/conv2D.prj/solution4/.autopilot/db/a.pp.0.bc -disable-opt -LC:/Xilinx/Vivado/2018.3/win64/lib -lfloatconversion -o C:/Users/linhh/Desktop/Conv2D/conv2D.prj/solution4/.autopilot/db/a.g.0 
Command         llvm-ld done; 0.294 sec.
INFO-FLOW: Running Standard Transforms...
Execute         transform -hls -share-std-xform -demangle-name -inline-byval-memcpy -always-inline -promote-dbg-pointer -interface-preproc -mem2reg -lower-blackbox -scalarrepl -mem2reg -keep-read-access -instcombine -dce -promote-dbg-pointer -bitop-raise -loop-simplify -indvarspre -indvars -loop-simplify -xunroll -constprop -instcombine -simplifycfg -indvars -simplifycfg -dce -globaldce -basicaa -simplifycfg -mem2reg -globalopt -global-constprop -deadargelim -instcombine -simplifycfg -prune-eh -simplifycfg -scalarrepl -instcombine -reassociate -licm -simplifycfg -loop-simplify -indvars -instcombine -simplifycfg -mem2reg -loop-simplify -indvars -instcombine -gvn -gvn -instcombine -adce -break-crit-edges -simplifycfg -loop-delete -global-array-opt -dce -dse -adce -find-syn-modules -top conv2D -deadargelim -mem2reg -instcombine -dce -presyn-prepare -auto-rom-infer -interface-preproc -syn-check -check-rec-only -find-region -simplifycfg -func-extr -function-inline -globaldce -mem2reg -instcombine -dce -gvn -globaldce -adce -adse -constprop -instcombine -bit-constprop -instcombine -dce -simplifycfg -bitop-raise -simplifycfg -dce -loop-delete -reassociate -globalopt -global-privatize -mem2reg -dce -global-constprop -pointer-simplify -constprop -dce -func-inst -deadargelim -auto-shift-reg-idiom -promote-dbg-pointer -norm-name C:/Users/linhh/Desktop/Conv2D/conv2D.prj/solution4/.autopilot/db/a.g.0.bc -o C:/Users/linhh/Desktop/Conv2D/conv2D.prj/solution4/.autopilot/db/a.g.1.bc -f -phase std-opt 
INFO: [HLS 200-111] Finished Standard Transforms Time (s): cpu = 00:00:01 ; elapsed = 00:00:04 . Memory (MB): peak = 105.094 ; gain = 20.461
INFO: [HLS 200-10] Checking synthesizability ...
INFO-FLOW: Checking Synthesizability 1/2..
Execute         transform -hls -syn-check -check-rec-only -disaggr -scalarrepl -norm-name -dce -mem2reg -instcombine -function-uniquify -directive-preproc -mem2reg -dse -dce -auto-rom-infer -dce -pag -array-normalize -instcombine -dce -warn-fifo-pointer -array-seg-normalize -instcombine -dce -array-flatten -instcombine -dce -array-burst -dce -deadargelim -promote-global-argument -simplifycfg -mem2reg -globaldce -resolve-double-ptr -dce -deadargelim -dce -instcombine -function-inline -globaldce -dce -doublePtrSimplify -doublePtrElim -dce -doublePtrSimplify -promote-dbg-pointer -dce -scalarrepl -dse -adse -instcombine -ptrLegalization -simplifycfg -dce -instcombine -pointer-simplify -ptrArgReplace -dce -instcombine -disaggr -scalarrepl -norm-name -dce -mem2reg -instcombine -ptrLegalization -simplifycfg -deadargelim -instcombine -dce -inst-simplify -function-uniquify -directive-preproc -mem2reg -dse -dce -globaldce -check-dspbuiltin C:/Users/linhh/Desktop/Conv2D/conv2D.prj/solution4/.autopilot/db/a.g.1.bc -o C:/Users/linhh/Desktop/Conv2D/conv2D.prj/solution4/.autopilot/db/a.g.2.prechk.bc -f 
INFO-FLOW: Checking Synthesizability 2/2..
Execute         transform -syn-check C:/Users/linhh/Desktop/Conv2D/conv2D.prj/solution4/.autopilot/db/a.g.2.prechk.bc -o C:/Users/linhh/Desktop/Conv2D/conv2D.prj/solution4/.autopilot/db/a.g.2.bc -f -phase syn-check 
INFO: [HLS 200-111] Finished Checking Synthesizability Time (s): cpu = 00:00:01 ; elapsed = 00:00:04 . Memory (MB): peak = 105.348 ; gain = 20.715
INFO-FLOW: Compiler optimizing ...
INFO-FLOW: Share syncheck's 1.bc for syn flow: copy C:/Users/linhh/Desktop/Conv2D/conv2D.prj/solution4/.autopilot/db/a.g.1.bc to C:/Users/linhh/Desktop/Conv2D/conv2D.prj/solution4/.autopilot/db/a.o.1.bc
INFO-FLOW: Presyn 1...
Execute         transform -hls -tmp C:/Users/linhh/Desktop/Conv2D/conv2D.prj/solution4/.autopilot/db -interface-port-rename -type-info -function-uniquify -directive-preproc -mem2reg -dse -dce -disaggr -scalarrepl -norm-name -deadargelim -mem2reg -instcombine -dce -simplifycfg -auto-rom-infer -dce -function-uniquify -resource-proc -simplifycfg -mem2reg -globaldce -resolve-double-ptr -dce -deadargelim -dce -instcombine -clib-intrinsic-prepare -dce -func-buffer -dce -pag -array-normalize -func-legal -instcombine -gvn -constprop -dce -ptrArgReplace -mem2reg -instcombine -dce -array-seg-normalize -deadargelim -instcombine -dce -pointer-simplify -dce -port-alignment -dce -interface-preproc -data-pack -instcombine -dce -basicaa -aggr-aa -aggrmodref-aa -aggr-aa -gvn -gvn -basicaa -aggr-aa -aggrmodref-aa -aggr-aa -dse -adse -adce -loop-simplify -indvars -instcombine -gvn -loop-simplify -mem2reg -dce -find-region -instcombine -auto-loop-pipeline -inst-simplify -interface-preproc -cfgopt -instcombine -indvars -auto-loop-unroll -loop-simplify -loop-bound -xunroll -constprop -instcombine -simplifycfg -indvars -simplifycfg -dce -globaldce -clean-region -attach-range -gvn -inst-simplify -constprop -simplifycfg -dce -pointer-simplify -dce -globalopt -constprop -dce -array-promote -constprop -instcombine -dce -ptrArgReplace -mem2reg -instcombine -simplifycfg -dce -auto-par -instcombine -dce -array-transform-check -array-reshape -instcombine -simplifycfg -dce -ptrArgReplace -deadargelim -mem2reg -instcombine -simplifycfg -dce -indvars -loop-simplify -loop-bound -xunroll -constprop -instcombine -simplifycfg -indvars -simplifycfg -dce -globaldce -basicaa -aggr-aa -aggrmodref-aa -aggr-aa -dse -duplicate-dataflow-processes -globaldce -instcombine -array-partition -instcombine -simplifycfg -dce -ptrArgReplace -global-constprop -deadargelim -mem2reg -func-legal -instcombine -dce -global-constprop -deadargelim -mem2reg -instcombine -simplifycfg -dce -merge-param -deadargelim -globalopt -constprop -dce -array-promote -constprop -instcombine -dce -ptrArgReplace -mem2reg -instcombine -simplifycfg -dce -mem-intrinsic-preproc -dce -global-internalize -global-privatize -mem2reg -globaldce -promote-global-argument -ptrArgReplace -mem2reg -instcombine -dce -globalopt -mergereturn -simplify-global-access -mem2reg -dce -pointer-simplify -dce -functionattrs -basicaa -aggr-aa -aggrmodref-aa -aggr-aa -gvn -gvn -basicaa -aggr-aa -aggrmodref-aa -aggr-aa -dse -adse -adce -inst-simplify -dce -norm-name -function-inline -globaldce -func-inst -constprop -instcombine -simplifycfg -dce -func-legal -dce -loop-bound -arraycheck -bitwidthmin -on-by-dataflow -loop-delete -instcombine -simplifycfg -globaldce -dce -gvn -deadargelim -dce -loop-simplify -clean-region -simplifycfg -propagate-stable-arguments -loop-stream -instcombine -simplifycfg -dce -globaldce -duplicate-dataflow-processes -stream-intrinsic-preproc -dce -check-ap-stream -loop-simplify -eliminate-keepreads -extract-dataflow-in-loop -loop-simplify -dce -gvn -deadargelim -dse -check-dataflow-syntax -legalize-stream-variable -legalize-global -extract-subproc -dce -dead-channel-elimination -canonicalize-gep -globaldce -dce -gvn -deadargelim -annotate-dataflow-channels -scalar-propagation -deadargelim -globaldce -mem2reg -check-dataflow-channels -function-stream -dce -globaldce -prop-fifo-spec -internal-stream-gen -canonicalize-gep -globaldce -dce -gvn -deadargelim -mergereturn -indvars -loop-simplify -instcombine -array-stream -array-seg-normalize -array-partition -func-legal -instcombine -simplifycfg -dce -bundle-memfifo-ops -deadargelim -function-uniquify -directive-preproc -mem2reg -dse -dce -group-axi-access -licm -simplifycfg -dce -loop-delete -norm-name C:/Users/linhh/Desktop/Conv2D/conv2D.prj/solution4/.autopilot/db/a.o.1.bc -o C:/Users/linhh/Desktop/Conv2D/conv2D.prj/solution4/.autopilot/db/a.o.1.tmp.bc -f 
INFO: [XFORM 203-502] Unrolling all loops for pipelining in function 'updateBuffer' (conv2D.c:49).
INFO: [XFORM 203-502] Unrolling all loops for pipelining in function 'calculateConvolution' (conv2D.c:27).
WARNING: [XFORM 203-503] Cannot unroll loop 'Update_Buffer_Outer_Loop' (conv2D.c:59) in function 'updateBuffer': cannot completely unroll a loop with a variable trip count.
WARNING: [XFORM 203-503] Cannot unroll loop 'Update_Buffer_Inner_Loop' (conv2D.c:62) in function 'updateBuffer': cannot completely unroll a loop with a variable trip count.
WARNING: [XFORM 203-503] Cannot unroll loop 'Cal_Outer_Loop' (conv2D.c:36) in function 'calculateConvolution': cannot completely unroll a loop with a variable trip count.
WARNING: [XFORM 203-503] Cannot unroll loop 'Cal_Inner_Loop' (conv2D.c:39) in function 'calculateConvolution': cannot completely unroll a loop with a variable trip count.
INFO: [XFORM 203-721] Changing loop 'Loop_Output_Row_proc' (conv2D.c:90) to a process function for dataflow in function 'conv2D'.
WARNING: [XFORM 203-713] All the elements of global array 'out_data' should be updated in process function 'Loop_Output_Row_proc13', otherwise it may not be synthesized correctly.
INFO: [XFORM 203-712] Applying dataflow to function 'conv2D', detected/extracted 1 process function(s): 
	 'Loop_Output_Row_proc13'.
Command         transform done; 0.21 sec.
INFO-FLOW: Presyn 2...
Execute         transform -hls -keep-callgraph -scalarrepl -mem2reg -port-alignment -attach-range -dce -pipe-mux-gen -indvars -loop-bound -inst-simplify -instcombine -dce -merge-array-access -mem2reg -dce -clean-region -mergereturn -if-conv -instcombine -dce -constprop -basicaa -aggr-aa -aggrmodref-aa -aggr-aa -gvn -gvn -basicaa -aggr-aa -aggrmodref-aa -aggr-aa -dse -adse -adce -scalarrepl -mem2reg -global-constprop -deadargelim -deadargelim -instcombine -dce -simplifycfg -ptrArgReplace -mem2reg -function-inline -globaldce -mem2reg -instcombine -dce -expr-balance -instcombine -dce -bitwidthmin -interface-preproc -directive-preproc -inst-rectify -instcombine -dce -functionattrs -constprop -instcombine -bit-constprop -simplify-global-access -globalopt -globaldce -inst-simplify -instcombine -elimdeaddata -dce -loop-delete -simplifycfg -loop-simplify -auto-burst -norm-name C:/Users/linhh/Desktop/Conv2D/conv2D.prj/solution4/.autopilot/db/a.o.1.tmp.bc -o C:/Users/linhh/Desktop/Conv2D/conv2D.prj/solution4/.autopilot/db/a.o.2.bc -f -phase presyn 
INFO: [XFORM 203-602] Inlining function 'initializeBuffer' into 'Loop_Output_Row_proc13' (conv2D.c:94) automatically.
INFO: [XFORM 203-602] Inlining function 'calculateConvolution' into 'Loop_Output_Row_proc13' (conv2D.c:101) automatically.
INFO: [HLS 200-111] Finished Pre-synthesis Time (s): cpu = 00:00:01 ; elapsed = 00:00:04 . Memory (MB): peak = 125.949 ; gain = 41.316
INFO-FLOW: Building ssdm...
Execute         transform -hls -function-uniquify -auto-function-inline -globaldce -ptrArgReplace -mem2reg -instcombine -dce -reset-lda -loop-simplify -indvars -licm -loop-dep -loop-bound -licm -loop-simplify -flattenloopnest -array-flatten -gvn -instcombine -dce -array-map -dce -func-legal -gvn -adce -instcombine -cfgopt -simplifycfg -loop-simplify -array-burst -promote-global-argument -dce -axi4-lower -array-seg-normalize -basicaa -aggrmodref-aa -globalsmodref-aa -aggr-aa -gvn -gvn -basicaa -aggrmodref-aa -globalsmodref-aa -aggr-aa -dse -adse -adce -licm -inst-simplify -dce -globaldce -instcombine -array-stream -eliminate-keepreads -instcombine -dce -deadargelim -doublePtrSimplify -doublePtrElim -dce -doublePtrSimplify -promote-dbg-pointer -dce -scalarrepl -mem2reg -disaggr -norm-name -mem2reg -instcombine -dse -adse -adce -ptrLegalization -dce -auto-rom-infer -array-flatten -dce -instcombine -check-doubleptr -loop-rot -constprop -cfgopt -simplifycfg -loop-simplify -indvars -pointer-simplify -dce -loop-bound -loop-simplify -loop-preproc -constprop -global-constprop -gvn -mem2reg -instcombine -dce -loop-bound -loop-merge -dce -bitwidthmin -deadargelim -dce -canonicalize-dataflow -dce -scalar-propagation -deadargelim -globaldce -mem2reg -read-loop-dep -interface-preproc -directive-preproc -interface-gen -bram-byte-enable -deadargelim -inst-simplify -dce -gvn -mem2reg -instcombine -dce -adse -loop-bound -instcombine -cfgopt -simplifycfg -loop-simplify -clean-region -io-protocol -find-region -mem2reg -bitop-raise -inst-simplify -inst-rectify -instcombine -adce -deadargelim -loop-simplify -phi-opt -bitop-raise -cfgopt -simplifycfg -strip-dead-prototypes -interface-lower -bitop-lower -intrinsic-lower -auto-function-inline -basicaa -aggrmodref-aa -globalsmodref-aa -aggr-aa -inst-simplify -simplifycfg -loop-simplify -mergereturn -inst-simplify -inst-rectify -dce -load-elim -bitop-lower -loop-rewind -pointer-simplify -dce -cfgopt -dce -bitwidth -loop-bound -loop-dep -read-loop-dep -dce -check-stream -norm-name -legalize -validate-dataflow -inst-clarity -cdfg-build C:/Users/linhh/Desktop/Conv2D/conv2D.prj/solution4/.autopilot/db/a.o.2.bc -o C:/Users/linhh/Desktop/Conv2D/conv2D.prj/solution4/.autopilot/db/a.o.3.bc -f -phase build-ssdm 
WARNING: [XFORM 203-542] Cannot flatten a loop nest 'Output_Col' (conv2D.c:97:100) in function 'Loop_Output_Row_proc13' : 

the outer loop is not a perfect loop because there is nontrivial logic in the loop latch.
WARNING: [XFORM 203-542] Cannot flatten a loop nest 'Output_Row' (conv2D.c:90:96) in function 'Loop_Output_Row_proc13' : 

more than one sub loop.
WARNING: [XFORM 203-631] Renaming function 'Loop_Output_Row_proc13' to 'Loop_Output_Row_proc' (conv2D.c:15:51)
Command         transform done; 0.164 sec.
INFO: [HLS 200-111] Finished Architecture Synthesis Time (s): cpu = 00:00:01 ; elapsed = 00:00:04 . Memory (MB): peak = 137.395 ; gain = 52.762
INFO-FLOW: Finish building internal data model.
Command       opt_and_import_c done; 0.891 sec.
Command     elaborate done; 3.73 sec.
Execute     autosyn -from_csynth_design=1 
INFO: [HLS 200-10] Starting hardware synthesis ...
INFO-FLOW: Synthesizing C/C++ design ...
INFO: [HLS 200-10] Synthesizing 'conv2D' ...
Execute       ap_set_top_model conv2D 
Execute       get_model_list conv2D -filter all-wo-channel -topdown 
Execute       preproc_iomode -model conv2D 
Execute       preproc_iomode -model Loop_Output_Row_proc 
Execute       preproc_iomode -model updateBuffer 
Execute       get_model_list conv2D -filter all-wo-channel 
INFO-FLOW: Model list for configure: updateBuffer Loop_Output_Row_proc conv2D
INFO-FLOW: Configuring Module : updateBuffer ...
Execute       set_default_model updateBuffer 
Execute       apply_spec_resource_limit updateBuffer 
INFO-FLOW: Configuring Module : Loop_Output_Row_proc ...
Execute       set_default_model Loop_Output_Row_proc 
Execute       apply_spec_resource_limit Loop_Output_Row_proc 
INFO-FLOW: Configuring Module : conv2D ...
Execute       set_default_model conv2D 
Execute       apply_spec_resource_limit conv2D 
INFO-FLOW: Model list for preprocess: updateBuffer Loop_Output_Row_proc conv2D
INFO-FLOW: Preprocessing Module: updateBuffer ...
Execute       set_default_model updateBuffer 
Execute       cdfg_preprocess -model updateBuffer 
Execute       rtl_gen_preprocess updateBuffer 
INFO-FLOW: Preprocessing Module: Loop_Output_Row_proc ...
Execute       set_default_model Loop_Output_Row_proc 
Execute       cdfg_preprocess -model Loop_Output_Row_proc 
Execute       rtl_gen_preprocess Loop_Output_Row_proc 
INFO-FLOW: Preprocessing Module: conv2D ...
Execute       set_default_model conv2D 
Execute       cdfg_preprocess -model conv2D 
Execute       rtl_gen_preprocess conv2D 
INFO-FLOW: Model list for synthesis: updateBuffer Loop_Output_Row_proc conv2D
INFO: [HLS 200-10] ----------------------------------------------------------------
INFO: [HLS 200-42] -- Implementing module 'updateBuffer' 
INFO: [HLS 200-10] ----------------------------------------------------------------
Execute       set_default_model updateBuffer 
Execute       schedule -model updateBuffer 
INFO: [SCHED 204-11] Starting scheduling ...
WARNING: [SCHED 204-65] Unable to satisfy pipeline directive: Function contains subloop(s) not being unrolled.
WARNING: [SCHED 204-21] Estimated clock period (9.634ns) exceeds the target (target clock period: 10ns, clock uncertainty: 1.25ns, effective delay budget: 8.75ns).
WARNING: [SCHED 204-21] The critical path in module 'updateBuffer' consists of the following:
	'add' operation of DSP[60] ('tmp_15', conv2D.c:69) [58]  (0 ns)
	'mul' operation of DSP[60] ('tmp_16', conv2D.c:69) [59]  (3.36 ns)
	'add' operation of DSP[60] ('tmp_17', conv2D.c:69) [60]  (3.02 ns)
	'getelementptr' operation ('in_data_addr', conv2D.c:69) [62]  (0 ns)
	'load' operation ('in_data_load', conv2D.c:69) on array 'in_data' [63]  (3.25 ns)
INFO: [SCHED 204-11] Finished scheduling.
INFO: [HLS 200-111]  Elapsed time: 4.647 seconds; current allocated memory: 97.319 MB.
Execute       report -o C:/Users/linhh/Desktop/Conv2D/conv2D.prj/solution4/.autopilot/db/updateBuffer.verbose.sched.rpt -verbose -f 
INFO: [HLS 200-434] Only 0 loops out of a total 2 loops have been pipelined in this design.
Execute       db_write -o C:/Users/linhh/Desktop/Conv2D/conv2D.prj/solution4/.autopilot/db/updateBuffer.sched.adb -f 
INFO-FLOW: Finish scheduling updateBuffer.
Execute       set_default_model updateBuffer 
Execute       bind -model updateBuffer 
BIND OPTION: fu_weight=[ 0.0 -- 1.0 ]
BIND OPTION: model=updateBuffer
BIND OPTION: reg_weight=[ 0.0 -- 1.0 ]
INFO: [BIND 205-100] Starting micro-architecture generation ...
INFO: [BIND 205-101] Performing variable lifetime analysis.
INFO: [BIND 205-101] Exploring resource sharing.
INFO: [BIND 205-101] Binding ...
INFO: [BIND 205-100] Finished micro-architecture generation.
INFO: [HLS 200-111]  Elapsed time: 0.092 seconds; current allocated memory: 97.508 MB.
Execute       report -o C:/Users/linhh/Desktop/Conv2D/conv2D.prj/solution4/.autopilot/db/updateBuffer.verbose.bind.rpt -verbose -f 
Execute       db_write -o C:/Users/linhh/Desktop/Conv2D/conv2D.prj/solution4/.autopilot/db/updateBuffer.bind.adb -f 
INFO-FLOW: Finish binding updateBuffer.
INFO: [HLS 200-10] ----------------------------------------------------------------
INFO: [HLS 200-42] -- Implementing module 'Loop_Output_Row_proc' 
INFO: [HLS 200-10] ----------------------------------------------------------------
Execute       set_default_model Loop_Output_Row_proc 
Execute       schedule -model Loop_Output_Row_proc 
INFO: [SCHED 204-11] Starting scheduling ...
WARNING: [SCHED 204-65] Unable to satisfy pipeline directive: Loop contains subloop(s) not being unrolled or flattened.
INFO: [SCHED 204-11] Finished scheduling.
INFO: [HLS 200-111]  Elapsed time: 0.129 seconds; current allocated memory: 97.951 MB.
Execute       report -o C:/Users/linhh/Desktop/Conv2D/conv2D.prj/solution4/.autopilot/db/Loop_Output_Row_proc.verbose.sched.rpt -verbose -f 
Execute       db_write -o C:/Users/linhh/Desktop/Conv2D/conv2D.prj/solution4/.autopilot/db/Loop_Output_Row_proc.sched.adb -f 
INFO-FLOW: Finish scheduling Loop_Output_Row_proc.
Execute       set_default_model Loop_Output_Row_proc 
Execute       bind -model Loop_Output_Row_proc 
BIND OPTION: fu_weight=[ 0.0 -- 1.0 ]
BIND OPTION: model=Loop_Output_Row_proc
BIND OPTION: reg_weight=[ 0.0 -- 1.0 ]
INFO: [BIND 205-100] Starting micro-architecture generation ...
INFO: [BIND 205-101] Performing variable lifetime analysis.
INFO: [BIND 205-101] Exploring resource sharing.
INFO: [BIND 205-101] Binding ...
INFO: [BIND 205-100] Finished micro-architecture generation.
INFO: [HLS 200-111]  Elapsed time: 0.098 seconds; current allocated memory: 98.333 MB.
Execute       report -o C:/Users/linhh/Desktop/Conv2D/conv2D.prj/solution4/.autopilot/db/Loop_Output_Row_proc.verbose.bind.rpt -verbose -f 
Execute       db_write -o C:/Users/linhh/Desktop/Conv2D/conv2D.prj/solution4/.autopilot/db/Loop_Output_Row_proc.bind.adb -f 
INFO-FLOW: Finish binding Loop_Output_Row_proc.
INFO: [HLS 200-10] ----------------------------------------------------------------
INFO: [HLS 200-42] -- Implementing module 'conv2D' 
INFO: [HLS 200-10] ----------------------------------------------------------------
Execute       set_default_model conv2D 
Execute       schedule -model conv2D 
INFO: [SCHED 204-11] Starting scheduling ...
INFO: [SCHED 204-11] Finished scheduling.
INFO: [HLS 200-111]  Elapsed time: 0.118 seconds; current allocated memory: 98.432 MB.
Execute       report -o C:/Users/linhh/Desktop/Conv2D/conv2D.prj/solution4/.autopilot/db/conv2D.verbose.sched.rpt -verbose -f 
Execute       db_write -o C:/Users/linhh/Desktop/Conv2D/conv2D.prj/solution4/.autopilot/db/conv2D.sched.adb -f 
INFO-FLOW: Finish scheduling conv2D.
Execute       set_default_model conv2D 
Execute       bind -model conv2D 
BIND OPTION: fu_weight=[ 0.0 -- 1.0 ]
BIND OPTION: model=conv2D
BIND OPTION: reg_weight=[ 0.0 -- 1.0 ]
INFO: [BIND 205-100] Starting micro-architecture generation ...
INFO: [BIND 205-101] Performing variable lifetime analysis.
INFO: [BIND 205-101] Exploring resource sharing.
INFO: [BIND 205-101] Binding ...
INFO: [BIND 205-100] Finished micro-architecture generation.
INFO: [HLS 200-111]  Elapsed time: 0.067 seconds; current allocated memory: 98.500 MB.
Execute       report -o C:/Users/linhh/Desktop/Conv2D/conv2D.prj/solution4/.autopilot/db/conv2D.verbose.bind.rpt -verbose -f 
Execute       db_write -o C:/Users/linhh/Desktop/Conv2D/conv2D.prj/solution4/.autopilot/db/conv2D.bind.adb -f 
INFO-FLOW: Finish binding conv2D.
Execute       get_model_list conv2D -filter all-wo-channel 
INFO-FLOW: Preprocessing for RTLGen ...
Execute       rtl_gen_preprocess updateBuffer 
Execute       rtl_gen_preprocess Loop_Output_Row_proc 
Execute       rtl_gen_preprocess conv2D 
INFO-FLOW: Model list for RTL generation: updateBuffer Loop_Output_Row_proc conv2D
INFO: [HLS 200-10] ----------------------------------------------------------------
INFO: [HLS 200-10] -- Generating RTL for module 'updateBuffer' 
INFO: [HLS 200-10] ----------------------------------------------------------------
Execute       get_config_rtl -prefix 
Execute       get_config_rtl -auto_prefix 
Execute       create_rtl_model updateBuffer -vendor xilinx -mg_file C:/Users/linhh/Desktop/Conv2D/conv2D.prj/solution4/.autopilot/db/updateBuffer.compgen.tcl 
INFO: [SYN 201-210] Renamed object name 'conv2D_ama_addmuladd_15ns_15ns_8ns_15ns_15_1_1' to 'conv2D_ama_addmulbkb' due to the length limit 20
INFO: [RTGEN 206-100] Generating core module 'conv2D_ama_addmulbkb': 1 instance(s).
INFO: [RTGEN 206-100] Finished creating RTL model for 'updateBuffer'.
INFO: [HLS 200-111]  Elapsed time: 0.115 seconds; current allocated memory: 98.830 MB.
Execute       source C:/Users/linhh/Desktop/Conv2D/conv2D.prj/solution4/.autopilot/db/conv2D.rtl_wrap.cfg.tcl 
Execute       gen_rtl updateBuffer -style xilinx -tracefl mytrace -tracefmt vcd -traceopt all -f -lang sc -o C:/Users/linhh/Desktop/Conv2D/conv2D.prj/solution4/syn/systemc/updateBuffer -synmodules updateBuffer Loop_Output_Row_proc conv2D 
Execute       gen_rtl updateBuffer -style xilinx -f -lang vhdl -o C:/Users/linhh/Desktop/Conv2D/conv2D.prj/solution4/syn/vhdl/updateBuffer 
Execute       gen_rtl updateBuffer -style xilinx -f -lang vlog -o C:/Users/linhh/Desktop/Conv2D/conv2D.prj/solution4/syn/verilog/updateBuffer 
Execute       gen_tb_info updateBuffer -o C:/Users/linhh/Desktop/Conv2D/conv2D.prj/solution4/.autopilot/db/updateBuffer -p C:/Users/linhh/Desktop/Conv2D/conv2D.prj/solution4/.autopilot/db 
Execute       report -model updateBuffer -o C:/Users/linhh/Desktop/Conv2D/conv2D.prj/solution4/syn/report/updateBuffer_csynth.rpt -f 
Execute       report -model updateBuffer -o C:/Users/linhh/Desktop/Conv2D/conv2D.prj/solution4/syn/report/updateBuffer_csynth.xml -f -x 
Execute       report -model updateBuffer -o C:/Users/linhh/Desktop/Conv2D/conv2D.prj/solution4/.autopilot/db/updateBuffer.verbose.rpt -verbose -f 
Execute       db_write -model updateBuffer -o C:/Users/linhh/Desktop/Conv2D/conv2D.prj/solution4/.autopilot/db/updateBuffer.adb -f 
INFO: [HLS 200-10] ----------------------------------------------------------------
INFO: [HLS 200-10] -- Generating RTL for module 'Loop_Output_Row_proc' 
INFO: [HLS 200-10] ----------------------------------------------------------------
Execute       get_config_rtl -prefix 
Execute       get_config_rtl -auto_prefix 
Execute       create_rtl_model Loop_Output_Row_proc -vendor xilinx -mg_file C:/Users/linhh/Desktop/Conv2D/conv2D.prj/solution4/.autopilot/db/Loop_Output_Row_proc.compgen.tcl 
INFO: [SYN 201-210] Renamed object name 'Loop_Output_Row_proc_buffer' to 'Loop_Output_Row_pcud' due to the length limit 20
INFO: [SYN 201-210] Renamed object name 'conv2D_mul_mul_8ns_15s_15_1_1' to 'conv2D_mul_mul_8ndEe' due to the length limit 20
INFO: [RTGEN 206-100] Generating core module 'conv2D_mul_mul_8ndEe': 1 instance(s).
INFO: [RTGEN 206-100] Finished creating RTL model for 'Loop_Output_Row_proc'.
INFO: [HLS 200-111]  Elapsed time: 0.192 seconds; current allocated memory: 99.572 MB.
Execute       source C:/Users/linhh/Desktop/Conv2D/conv2D.prj/solution4/.autopilot/db/conv2D.rtl_wrap.cfg.tcl 
Execute       gen_rtl Loop_Output_Row_proc -style xilinx -tracefl mytrace -tracefmt vcd -traceopt all -f -lang sc -o C:/Users/linhh/Desktop/Conv2D/conv2D.prj/solution4/syn/systemc/Loop_Output_Row_proc -synmodules updateBuffer Loop_Output_Row_proc conv2D 
Execute       gen_rtl Loop_Output_Row_proc -style xilinx -f -lang vhdl -o C:/Users/linhh/Desktop/Conv2D/conv2D.prj/solution4/syn/vhdl/Loop_Output_Row_proc 
Execute       gen_rtl Loop_Output_Row_proc -style xilinx -f -lang vlog -o C:/Users/linhh/Desktop/Conv2D/conv2D.prj/solution4/syn/verilog/Loop_Output_Row_proc 
Execute       gen_tb_info Loop_Output_Row_proc -o C:/Users/linhh/Desktop/Conv2D/conv2D.prj/solution4/.autopilot/db/Loop_Output_Row_proc -p C:/Users/linhh/Desktop/Conv2D/conv2D.prj/solution4/.autopilot/db 
Execute       report -model Loop_Output_Row_proc -o C:/Users/linhh/Desktop/Conv2D/conv2D.prj/solution4/syn/report/Loop_Output_Row_proc_csynth.rpt -f 
Execute       report -model Loop_Output_Row_proc -o C:/Users/linhh/Desktop/Conv2D/conv2D.prj/solution4/syn/report/Loop_Output_Row_proc_csynth.xml -f -x 
Execute       report -model Loop_Output_Row_proc -o C:/Users/linhh/Desktop/Conv2D/conv2D.prj/solution4/.autopilot/db/Loop_Output_Row_proc.verbose.rpt -verbose -f 
Execute       db_write -model Loop_Output_Row_proc -o C:/Users/linhh/Desktop/Conv2D/conv2D.prj/solution4/.autopilot/db/Loop_Output_Row_proc.adb -f 
INFO: [HLS 200-10] ----------------------------------------------------------------
INFO: [HLS 200-10] -- Generating RTL for module 'conv2D' 
INFO: [HLS 200-10] ----------------------------------------------------------------
Execute       get_config_rtl -prefix 
Execute       get_config_rtl -auto_prefix 
Execute       create_rtl_model conv2D -vendor xilinx -mg_file C:/Users/linhh/Desktop/Conv2D/conv2D.prj/solution4/.autopilot/db/conv2D.compgen.tcl 
INFO: [RTGEN 206-500] Setting interface mode on port 'conv2D/in_data' to 'ap_memory'.
INFO: [RTGEN 206-500] Setting interface mode on port 'conv2D/out_data' to 'ap_memory'.
INFO: [RTGEN 206-500] Setting interface mode on port 'conv2D/row_in' to 'ap_none'.
INFO: [RTGEN 206-500] Setting interface mode on port 'conv2D/col_in' to 'ap_none'.
INFO: [RTGEN 206-500] Setting interface mode on port 'conv2D/kernel' to 'ap_memory'.
INFO: [RTGEN 206-500] Setting interface mode on port 'conv2D/kernel_size_row' to 'ap_none'.
INFO: [RTGEN 206-500] Setting interface mode on port 'conv2D/kernel_size_col' to 'ap_none'.
INFO: [RTGEN 206-500] Setting interface mode on function 'conv2D' to 'ap_ctrl_hs'.
INFO: [RTGEN 206-100] Finished creating RTL model for 'conv2D'.
Command       create_rtl_model done; 0.118 sec.
INFO: [HLS 200-111]  Elapsed time: 0.369 seconds; current allocated memory: 99.875 MB.
Execute       source C:/Users/linhh/Desktop/Conv2D/conv2D.prj/solution4/.autopilot/db/conv2D.rtl_wrap.cfg.tcl 
Execute       gen_rtl conv2D -istop -style xilinx -tracefl mytrace -tracefmt vcd -traceopt all -f -lang sc -o C:/Users/linhh/Desktop/Conv2D/conv2D.prj/solution4/syn/systemc/conv2D -synmodules updateBuffer Loop_Output_Row_proc conv2D 
Execute       gen_rtl conv2D -istop -style xilinx -f -lang vhdl -o C:/Users/linhh/Desktop/Conv2D/conv2D.prj/solution4/syn/vhdl/conv2D 
Execute       gen_rtl conv2D -istop -style xilinx -f -lang vlog -o C:/Users/linhh/Desktop/Conv2D/conv2D.prj/solution4/syn/verilog/conv2D 
Execute       export_constraint_db -o C:/Users/linhh/Desktop/Conv2D/conv2D.prj/solution4/.autopilot/db/conv2D.constraint.tcl -f -tool general 
Execute       report -model conv2D -o C:/Users/linhh/Desktop/Conv2D/conv2D.prj/solution4/.autopilot/db/conv2D.design.xml -verbose -f -dv 
Execute       report -model conv2D -o C:/Users/linhh/Desktop/Conv2D/conv2D.prj/solution4/.autopilot/db/conv2D.sdaccel.xml -verbose -f -sdaccel 
Execute       gen_tb_info conv2D -o C:/Users/linhh/Desktop/Conv2D/conv2D.prj/solution4/.autopilot/db/conv2D -p C:/Users/linhh/Desktop/Conv2D/conv2D.prj/solution4/.autopilot/db 
Execute       report -model conv2D -o C:/Users/linhh/Desktop/Conv2D/conv2D.prj/solution4/syn/report/conv2D_csynth.rpt -f 
Execute       report -model conv2D -o C:/Users/linhh/Desktop/Conv2D/conv2D.prj/solution4/syn/report/conv2D_csynth.xml -f -x 
Execute       report -model conv2D -o C:/Users/linhh/Desktop/Conv2D/conv2D.prj/solution4/.autopilot/db/conv2D.verbose.rpt -verbose -f 
Execute       db_write -model conv2D -o C:/Users/linhh/Desktop/Conv2D/conv2D.prj/solution4/.autopilot/db/conv2D.adb -f 
Execute       sc_get_clocks conv2D 
Execute       get_config_export -vivado_clock 
Execute       sc_get_portdomain conv2D 
INFO-FLOW: Model list for RTL component generation: updateBuffer Loop_Output_Row_proc conv2D
INFO-FLOW: Handling components in module [updateBuffer] ... 
Execute       source C:/Users/linhh/Desktop/Conv2D/conv2D.prj/solution4/.autopilot/db/updateBuffer.compgen.tcl 
INFO-FLOW: Found component conv2D_ama_addmulbkb.
INFO-FLOW: Append model conv2D_ama_addmulbkb
INFO-FLOW: Handling components in module [Loop_Output_Row_proc] ... 
Execute       source C:/Users/linhh/Desktop/Conv2D/conv2D.prj/solution4/.autopilot/db/Loop_Output_Row_proc.compgen.tcl 
INFO-FLOW: Found component conv2D_mul_mul_8ndEe.
INFO-FLOW: Append model conv2D_mul_mul_8ndEe
INFO-FLOW: Found component Loop_Output_Row_pcud.
INFO-FLOW: Append model Loop_Output_Row_pcud
INFO-FLOW: Handling components in module [conv2D] ... 
Execute       source C:/Users/linhh/Desktop/Conv2D/conv2D.prj/solution4/.autopilot/db/conv2D.compgen.tcl 
INFO-FLOW: Append model updateBuffer
INFO-FLOW: Append model Loop_Output_Row_proc
INFO-FLOW: Append model conv2D
INFO-FLOW: Generating RTL model list ...
INFO-FLOW: All models in this session: conv2D_ama_addmulbkb conv2D_mul_mul_8ndEe Loop_Output_Row_pcud updateBuffer Loop_Output_Row_proc conv2D
INFO-FLOW: To file: write model conv2D_ama_addmulbkb
INFO-FLOW: To file: write model conv2D_mul_mul_8ndEe
INFO-FLOW: To file: write model Loop_Output_Row_pcud
INFO-FLOW: To file: write model updateBuffer
INFO-FLOW: To file: write model Loop_Output_Row_proc
INFO-FLOW: To file: write model conv2D
INFO-FLOW: Finished generating RTL model list.


INFO-FLOW: RTL Generation done.
INFO-FLOW: CAS Generation done.
INFO-FLOW: CBC Generation done.
INFO-FLOW: DBG:CMD: auto_generate_csynth_design
INFO-FLOW: DBG:CMD:     auto_generate --sim-model -phase csynth_design -d C:/Users/linhh/Desktop/Conv2D/conv2D.prj/solution4
Execute       source C:/Users/linhh/Desktop/Conv2D/conv2D.prj/solution4/.autopilot/db/global.setting.tcl 
INFO-FLOW: DBG:CMD: read_platform_lib C:/Users/linhh/Desktop/Conv2D/conv2D.prj/solution4/.autopilot/db/global.setting.tcl
Execute       source C:/Xilinx/Vivado/2018.3/common/technology/generic/autopilot/common.gen 
Execute         source C:/Xilinx/Vivado/2018.3/common/technology/generic/autopilot/APCoreGen.gen 
Execute       source C:/Xilinx/Vivado/2018.3/common/technology/generic/autopilot/op.gen 
Execute       source C:/Xilinx/Vivado/2018.3/common/technology/generic/autopilot/op_simcore.gen 
Execute       source C:/Xilinx/Vivado/2018.3/common/technology/generic/autopilot/interface.gen 
Execute       source C:/Users/linhh/Desktop/Conv2D/conv2D.prj/solution4/.autopilot/db/global.setting.tcl 
Execute       source C:/Xilinx/Vivado/2018.3/common/technology/xilinx/zynq/zynq.gen 
Execute         source C:/Xilinx/Vivado/2018.3/common/technology/xilinx/common/virtex.gen 
Execute           source C:/Xilinx/Vivado/2018.3/common/technology/xilinx/common/xilinx.gen 
Execute             source C:/Xilinx/Vivado/2018.3/common/technology/xilinx/interface/plb46.gen 
Execute             source C:/Xilinx/Vivado/2018.3/common/technology/xilinx/interface/fsl.gen 
Execute             source C:/Xilinx/Vivado/2018.3/common/technology/xilinx/interface/axi4.gen 
Execute             source C:/Xilinx/Vivado/2018.3/common/technology/xilinx/interface/nativeAXI4.gen 
Execute               source C:/Xilinx/Vivado/2018.3/common/technology/xilinx/interface/saxilite.gen 
Execute               source C:/Xilinx/Vivado/2018.3/common/technology/xilinx/interface/maxi.gen 
Execute             source C:/Xilinx/Vivado/2018.3/common/technology/xilinx/scripts/xilinxcoregen.gen 
Execute             source C:/Xilinx/Vivado/2018.3/common/technology/xilinx/interface/XilEDKCoreGen.gen 
Execute             source C:/Xilinx/Vivado/2018.3/common/technology/xilinx/ip/dds_compiler.gen 
Execute             source C:/Xilinx/Vivado/2018.3/common/technology/xilinx/ip/util.gen 
Execute             source C:/Xilinx/Vivado/2018.3/common/technology/xilinx/ip/xfft.gen 
Execute             source C:/Xilinx/Vivado/2018.3/common/technology/xilinx/ip/xfir.gen 
Execute           source C:/Xilinx/Vivado/2018.3/common/technology/xilinx/common/dsp48.gen 
Execute       source C:/Xilinx/Vivado/2018.3/common/technology/xilinx/zynq/zynq_fpv6.gen 
Execute         source C:/Xilinx/Vivado/2018.3/common/technology/xilinx/common/xilinx_fpv6.gen 
INFO-FLOW: DBG:CMD:   using AESL_AUTOCG::g_clock_period=10.000 (was NA)
INFO-FLOW: DBG:CMD:       generate_ip_cores sim=1 export=0 expOnly=0 dstVlogDir=syn/verilog
Execute       source C:/Users/linhh/Desktop/Conv2D/conv2D.prj/solution4/.autopilot/db/global.setting.tcl 
Execute       source C:/Users/linhh/Desktop/Conv2D/conv2D.prj/solution4/.autopilot/db/global.setting.tcl 
Execute       source C:/Users/linhh/Desktop/Conv2D/conv2D.prj/solution4/.autopilot/db/global.setting.tcl 
Execute       source C:/Users/linhh/Desktop/Conv2D/conv2D.prj/solution4/.autopilot/db/updateBuffer.compgen.tcl 
Execute       source C:/Users/linhh/Desktop/Conv2D/conv2D.prj/solution4/.autopilot/db/Loop_Output_Row_proc.compgen.tcl 
INFO: [RTMG 210-278] Implementing memory 'Loop_Output_Row_pcud_ram (RAM)' using distributed RAMs.
Execute       source C:/Users/linhh/Desktop/Conv2D/conv2D.prj/solution4/.autopilot/db/conv2D.compgen.tcl 
INFO-FLOW: DBG:CMD:     auto_generate -export -impltomg_flag -rtl both -tool Vivado -pcore_version 1.00.a -phase csynth_design -d C:/Users/linhh/Desktop/Conv2D/conv2D.prj/solution4
Execute       source C:/Users/linhh/Desktop/Conv2D/conv2D.prj/solution4/.autopilot/db/global.setting.tcl 
INFO-FLOW: DBG:CMD: read_platform_lib C:/Users/linhh/Desktop/Conv2D/conv2D.prj/solution4/.autopilot/db/global.setting.tcl
Execute       source C:/Xilinx/Vivado/2018.3/common/technology/generic/autopilot/common.gen 
Execute         source C:/Xilinx/Vivado/2018.3/common/technology/generic/autopilot/APCoreGen.gen 
Execute       source C:/Xilinx/Vivado/2018.3/common/technology/generic/autopilot/op.gen 
Execute       source C:/Xilinx/Vivado/2018.3/common/technology/generic/autopilot/op_simcore.gen 
Execute       source C:/Xilinx/Vivado/2018.3/common/technology/generic/autopilot/interface.gen 
Execute       source C:/Users/linhh/Desktop/Conv2D/conv2D.prj/solution4/.autopilot/db/global.setting.tcl 
Execute       source C:/Xilinx/Vivado/2018.3/common/technology/xilinx/zynq/zynq.gen 
Execute         source C:/Xilinx/Vivado/2018.3/common/technology/xilinx/common/virtex.gen 
Execute           source C:/Xilinx/Vivado/2018.3/common/technology/xilinx/common/xilinx.gen 
Execute             source C:/Xilinx/Vivado/2018.3/common/technology/xilinx/interface/plb46.gen 
Execute             source C:/Xilinx/Vivado/2018.3/common/technology/xilinx/interface/fsl.gen 
Execute             source C:/Xilinx/Vivado/2018.3/common/technology/xilinx/interface/axi4.gen 
Execute             source C:/Xilinx/Vivado/2018.3/common/technology/xilinx/interface/nativeAXI4.gen 
Execute               source C:/Xilinx/Vivado/2018.3/common/technology/xilinx/interface/saxilite.gen 
Execute               source C:/Xilinx/Vivado/2018.3/common/technology/xilinx/interface/maxi.gen 
Execute             source C:/Xilinx/Vivado/2018.3/common/technology/xilinx/scripts/xilinxcoregen.gen 
Execute             source C:/Xilinx/Vivado/2018.3/common/technology/xilinx/interface/XilEDKCoreGen.gen 
Execute             source C:/Xilinx/Vivado/2018.3/common/technology/xilinx/ip/dds_compiler.gen 
Execute             source C:/Xilinx/Vivado/2018.3/common/technology/xilinx/ip/util.gen 
Execute             source C:/Xilinx/Vivado/2018.3/common/technology/xilinx/ip/xfft.gen 
Execute             source C:/Xilinx/Vivado/2018.3/common/technology/xilinx/ip/xfir.gen 
Execute           source C:/Xilinx/Vivado/2018.3/common/technology/xilinx/common/dsp48.gen 
Execute       source C:/Xilinx/Vivado/2018.3/common/technology/xilinx/zynq/zynq_fpv6.gen 
Execute         source C:/Xilinx/Vivado/2018.3/common/technology/xilinx/common/xilinx_fpv6.gen 
INFO-FLOW: DBG:CMD:       initCTypeInfo top_module=conv2D xml_exists=0
Execute       source C:/Users/linhh/Desktop/Conv2D/conv2D.prj/solution4/.autopilot/db/conv2D.rtl_wrap.cfg.tcl 
Execute       source C:/Users/linhh/Desktop/Conv2D/conv2D.prj/solution4/.autopilot/db/conv2D.rtl_wrap.cfg.tcl 
Execute       source C:/Users/linhh/Desktop/Conv2D/conv2D.prj/solution4/.autopilot/db/conv2D.rtl_wrap.cfg.tcl 
Execute       source C:/Users/linhh/Desktop/Conv2D/conv2D.prj/solution4/.autopilot/db/conv2D.tbgen.tcl 
Execute       source C:/Users/linhh/Desktop/Conv2D/conv2D.prj/solution4/.autopilot/db/conv2D.tbgen.tcl 
INFO-FLOW: DBG:CMD:       export_impl_rtl
INFO-FLOW: DBG:CMD:       generate_ip_cores sim=0 export=0 expOnly=0 dstVlogDir=impl/.verilog
Execute       source C:/Users/linhh/Desktop/Conv2D/conv2D.prj/solution4/.autopilot/db/global.setting.tcl 
Execute       source C:/Users/linhh/Desktop/Conv2D/conv2D.prj/solution4/.autopilot/db/updateBuffer.compgen.tcl 
Execute       source C:/Users/linhh/Desktop/Conv2D/conv2D.prj/solution4/.autopilot/db/Loop_Output_Row_proc.compgen.tcl 
Execute       source C:/Users/linhh/Desktop/Conv2D/conv2D.prj/solution4/.autopilot/db/conv2D.compgen.tcl 
INFO-FLOW: DBG:CMD:       generate_ip_cores sim=0 export=1 expOnly=1 dstVlogDir=impl/.pcores/verilog
Execute       source C:/Users/linhh/Desktop/Conv2D/conv2D.prj/solution4/.autopilot/db/global.setting.tcl 
Execute       source C:/Users/linhh/Desktop/Conv2D/conv2D.prj/solution4/.autopilot/db/updateBuffer.compgen.tcl 
Execute       source C:/Users/linhh/Desktop/Conv2D/conv2D.prj/solution4/.autopilot/db/Loop_Output_Row_proc.compgen.tcl 
Execute       source C:/Users/linhh/Desktop/Conv2D/conv2D.prj/solution4/.autopilot/db/conv2D.compgen.tcl 
Execute         source C:/Users/linhh/Desktop/Conv2D/conv2D.prj/solution4/.autopilot/db/conv2D.tbgen.tcl 
Execute         source C:/Users/linhh/Desktop/Conv2D/conv2D.prj/solution4/.autopilot/db/conv2D.tbgen.tcl 
Execute         source C:/Users/linhh/Desktop/Conv2D/conv2D.prj/solution4/.autopilot/db/conv2D.tbgen.tcl 
INFO-FLOW: DBG:CMD:       generate_ip_cores sim=0 export=0 expOnly=0 dstVlogDir=impl/.pcores/verilog_sim
Execute       source C:/Users/linhh/Desktop/Conv2D/conv2D.prj/solution4/.autopilot/db/global.setting.tcl 
Execute       source C:/Users/linhh/Desktop/Conv2D/conv2D.prj/solution4/.autopilot/db/updateBuffer.compgen.tcl 
Execute       source C:/Users/linhh/Desktop/Conv2D/conv2D.prj/solution4/.autopilot/db/Loop_Output_Row_proc.compgen.tcl 
Execute       source C:/Users/linhh/Desktop/Conv2D/conv2D.prj/solution4/.autopilot/db/conv2D.compgen.tcl 
Execute       source C:/Users/linhh/Desktop/Conv2D/conv2D.prj/solution4/.autopilot/db/global.setting.tcl 
Execute       source C:/Users/linhh/Desktop/Conv2D/conv2D.prj/solution4/.autopilot/db/conv2D.constraint.tcl 
Execute       source C:/Users/linhh/Desktop/Conv2D/conv2D.prj/solution4/.autopilot/db/conv2D.tbgen.tcl 
INFO-FLOW: DBG:CMD:       hasPcoreIpAdapter=false #gSsdmPorts=16
INFO-FLOW: DBG:CMD: Skipping loadAnalyze_DB, #g_database=7
INFO-FLOW: DBG:CMD:       generate_json is_phase_csynth=1 g_has_adaptors=false generate_bd_files=0 #modelList=6 #gSsdmPorts=16
Execute       source C:/Users/linhh/Desktop/Conv2D/conv2D.prj/solution4/.autopilot/db/global.setting.tcl 
Execute       source C:/Users/linhh/Desktop/Conv2D/conv2D.prj/solution4/.autopilot/db/global.setting.tcl 
Execute       source C:/Users/linhh/Desktop/Conv2D/conv2D.prj/solution4/.autopilot/db/conv2D.tbgen.tcl 
Execute       source C:/Users/linhh/Desktop/Conv2D/conv2D.prj/solution4/.autopilot/db/conv2D.tbgen.tcl 
Execute       source C:/Users/linhh/Desktop/Conv2D/conv2D.prj/solution4/.autopilot/db/conv2D.tbgen.tcl 
Execute       source C:/Users/linhh/Desktop/Conv2D/conv2D.prj/solution4/.autopilot/db/conv2D.tbgen.tcl 
Execute       source C:/Users/linhh/Desktop/Conv2D/conv2D.prj/solution4/.autopilot/db/conv2D.tbgen.tcl 
Execute       source C:/Users/linhh/Desktop/Conv2D/conv2D.prj/solution4/.autopilot/db/conv2D.tbgen.tcl 
Execute       source C:/Users/linhh/Desktop/Conv2D/conv2D.prj/solution4/.autopilot/db/conv2D.tbgen.tcl 
Execute       source C:/Users/linhh/Desktop/Conv2D/conv2D.prj/solution4/.autopilot/db/global.setting.tcl 
Execute       get_config_sdx -target 
Execute       get_config_export -xo 
Execute       source C:/Users/linhh/Desktop/Conv2D/conv2D.prj/solution4/.autopilot/db/global.setting.tcl 
Execute       source C:/Users/linhh/Desktop/Conv2D/conv2D.prj/solution4/.autopilot/db/conv2D.constraint.tcl 
Execute       sc_get_clocks conv2D 
Execute       source C:/Users/linhh/Desktop/Conv2D/conv2D.prj/solution4/.autopilot/db/global.setting.tcl 
Execute       get_config_sdx -target 
Execute       get_config_sdx -profile 
Execute       ::config_rtl 
INFO-FLOW: DBG:CMD: add_json_sdx_info kernel file does not exist: C:/Users/linhh/Desktop/Conv2D/conv2D.prj/solution4/.autopilot/db/kernel.internal.xml
INFO-FLOW: DBG:CMD:       delete-temp-dirs (skipped for debug)
INFO: [HLS 200-111] Finished generating all RTL models Time (s): cpu = 00:00:02 ; elapsed = 00:00:07 . Memory (MB): peak = 151.973 ; gain = 67.340
INFO: [SYSC 207-301] Generating SystemC RTL for conv2D.
INFO: [VHDL 208-304] Generating VHDL RTL for conv2D.
INFO: [VLOG 209-307] Generating Verilog RTL for conv2D.
Command     autosyn done; 2.54 sec.
Execute     get_part 
Execute     get_config_export -sdx_tcl 
Command   csynth_design done; 6.28 sec.
Command ap_source done; 6.605 sec.
Execute cleanup_all 
